2017-06-05 19:30:49: Connected to /Users/mclaugh/Desktop/sharedfolder/HILT-Audio-ML: fs=HFS dev=/dev/disk1 mount=/: hfs=1 fat=0 netshare=0
2017-06-05 19:30:49: Connected to /Users/mclaugh/Dropbox/HILT-Audio-ML: fs=HFS dev=/dev/disk1 mount=/: hfs=1 fat=0 netshare=0
2017-06-05 19:30:49: Incremental Analyze for On File Change
2017-06-05 19:30:49: -- Analysis Started by On File Change Incremental, Under Runner
2017-06-05 19:30:49: HILT-Audio-ML_local-sync: ANALYSIS started by On File Change Incremental, Under Runner on '889820' (GoodSync 10.4.8.8)
2017-06-05 19:30:49: /Users/mclaugh/Desktop/sharedfolder/HILT-Audio-ML [TmpDest] <-> /Users/mclaugh/Dropbox/HILT-Audio-ML [TmpDest], SavePrevVers, CleanupPrevVers=30d, Copy original FS names, WaitForLocksMinutes=20, LinksCopy, ReconnectSecs=120, CopyAttrs, CopyExtAttrs, ResolveConflicts=NewerFileWins, AutoClear
2017-06-05 19:30:49: Exclude Hidden, Exclude System, Exclude name *._gstmp|/System Volume Information|Thumbs.db|.DS_Store 
2017-06-05 19:30:49: Locking folder /Users/mclaugh/Desktop/sharedfolder/HILT-Audio-ML for write
2017-06-05 19:30:49: Change in: /Users/mclaugh/Desktop/sharedfolder/HILT-Audio-ML/Slides
2017-06-05 19:30:49: Change in: /Users/mclaugh/Desktop/sharedfolder/HILT-Audio-ML/README.md
2017-06-05 19:30:49: Change in: /Users/mclaugh/Desktop/sharedfolder/HILT-Audio-ML/index.md
2017-06-05 19:30:49: Change in: /Users/mclaugh/Desktop/sharedfolder/HILT-Audio-ML/img
2017-06-05 19:30:49: Change in: /Users/mclaugh/Desktop/sharedfolder/HILT-Audio-ML/Day_4
2017-06-05 19:30:49: Change in: /Users/mclaugh/Desktop/sharedfolder/HILT-Audio-ML/Day_3
2017-06-05 19:30:49: Change in: /Users/mclaugh/Desktop/sharedfolder/HILT-Audio-ML/Day_2
2017-06-05 19:30:49: Change in: /Users/mclaugh/Desktop/sharedfolder/HILT-Audio-ML/Day_1
2017-06-05 19:30:49: Change in: /Users/mclaugh/Desktop/sharedfolder/HILT-Audio-ML/Audio_sources.md
2017-06-05 19:30:49: Change in: /Users/mclaugh/Desktop/sharedfolder/HILT-Audio-ML/_config.yml
2017-06-05 19:30:49: Change in: /Users/mclaugh/Desktop/sharedfolder/HILT-Audio-ML/___students.md
2017-06-05 19:30:49: Change in: /Users/mclaugh/Desktop/sharedfolder/HILT-Audio-ML/___Readings
2017-06-05 19:30:49: Change in: /Users/mclaugh/Desktop/sharedfolder/HILT-Audio-ML/___Pre-baked data
2017-06-05 19:30:49: Change in: /Users/mclaugh/Desktop/sharedfolder/HILT-Audio-ML/___Outside_sources
2017-06-05 19:30:49: Change in: /Users/mclaugh/Desktop/sharedfolder/HILT-Audio-ML/___Inbox
2017-06-05 19:30:49: Locking folder /Users/mclaugh/Dropbox/HILT-Audio-ML for write
2017-06-05 19:30:49: On disk file:// space required for sync is 0.0, you have 35.3 GB
2017-06-05 19:30:49: On disk file:// space required for sync is 0.0, you have 35.3 GB
2017-06-05 19:30:49: Changes: 175, Conflicts: 0, CopyTime: 0, FixState: 0, Errors: 0, All: 817
2017-06-05 19:30:49: Left to Right: Delete File: 175 
2017-06-05 19:30:49: -- Analysis Complete. Time 00:00:01, Speed: 197 files/s
2017-06-05 19:30:49: == Sync Started by On File Change Incremental, Under Runner
2017-06-05 19:30:49: HILT-Audio-ML_local-sync: SYNC started by On File Change Incremental, Under Runner on '889820'
2017-06-05 19:30:49: /Users/mclaugh/Desktop/sharedfolder/HILT-Audio-ML [TmpDest] <-> /Users/mclaugh/Dropbox/HILT-Audio-ML [TmpDest], SavePrevVers, CleanupPrevVers=30d, Copy original FS names, WaitForLocksMinutes=20, LinksCopy, ReconnectSecs=120, CopyAttrs, CopyExtAttrs, ResolveConflicts=NewerFileWins, AutoClear
2017-06-05 19:30:49: Load Recycled DB: /Users/mclaugh/Dropbox/HILT-Audio-ML/_gsdata_/_recycled_db._gs
2017-06-05 19:30:49: Delete File '/Users/mclaugh/Dropbox/HILT-Audio-ML/___Inbox/.DS_Store'
2017-06-05 19:30:49: Delete File '/Users/mclaugh/Dropbox/HILT-Audio-ML/___Inbox/ASIST.md'
2017-06-05 19:30:49: Delete File '/Users/mclaugh/Dropbox/HILT-Audio-ML/___Inbox/Basic SmacPy classifier.md'
2017-06-05 19:30:49: Delete File '/Users/mclaugh/Dropbox/HILT-Audio-ML/___Inbox/Create Spectrograms on CLI.md'
2017-06-05 19:30:49: Delete File '/Users/mclaugh/Dropbox/HILT-Audio-ML/___Inbox/Day 1.md'
2017-06-05 19:30:49: Delete Folder '/Users/mclaugh/Dropbox/HILT-Audio-ML/___Inbox/Discard'
2017-06-05 19:30:49: Delete File '/Users/mclaugh/Dropbox/HILT-Audio-ML/___Inbox/Evaluate how well pyAudioAnalysis emotion detector does.md'
2017-06-05 19:30:49: Delete File '/Users/mclaugh/Dropbox/HILT-Audio-ML/___Inbox/First task- install ffmpeg properly.md'
2017-06-05 19:30:49: Delete File '/Users/mclaugh/Dropbox/HILT-Audio-ML/___Inbox/HILT Early Outline.md'
2017-06-05 19:30:49: Delete File '/Users/mclaugh/Dropbox/HILT-Audio-ML/___Inbox/HILT Planning Notes.md'
2017-06-05 19:30:49: Delete File '/Users/mclaugh/Dropbox/HILT-Audio-ML/___Inbox/Ideas to Add.txt'
2017-06-05 19:30:49: Delete File '/Users/mclaugh/Dropbox/HILT-Audio-ML/___Inbox/Snippets and ideas.txt'
2017-06-05 19:30:49: Delete File '/Users/mclaugh/Dropbox/HILT-Audio-ML/___Inbox/Untitled.md'
2017-06-05 19:30:49: Delete File '/Users/mclaugh/Dropbox/HILT-Audio-ML/___Inbox/Wget.md'
2017-06-05 19:30:49: Delete Folder '/Users/mclaugh/Dropbox/HILT-Audio-ML/___Inbox'
2017-06-05 19:30:49: Delete File '/Users/mclaugh/Dropbox/HILT-Audio-ML/___Outside_sources/8-classification.pdf'
2017-06-05 19:30:49: Delete Folder '/Users/mclaugh/Dropbox/HILT-Audio-ML/___Outside_sources'
2017-06-05 19:30:49: Delete File '/Users/mclaugh/Dropbox/HILT-Audio-ML/___Pre-baked data/.DS_Store'
2017-06-05 19:30:49: Delete File '/Users/mclaugh/Dropbox/HILT-Audio-ML/___Pre-baked data/NBC_Chimes/CBD-440606_NBC0700-News_chime.wav'
2017-06-05 19:30:49: Delete File '/Users/mclaugh/Dropbox/HILT-Audio-ML/___Pre-baked data/NBC_Chimes/CBD-440606_NBC1515-MusicandNews_chime.wav'
2017-06-05 19:30:49: Delete File '/Users/mclaugh/Dropbox/HILT-Audio-ML/___Pre-baked data/NBC_Chimes/CBD-440606_NBC1645-NewsandMusic_chime.wav'
2017-06-05 19:30:49: Delete File '/Users/mclaugh/Dropbox/HILT-Audio-ML/___Pre-baked data/NBC_Chimes/CBD-440607_NBC1030-Helpmate_chime.wav'
2017-06-05 19:30:49: Delete File '/Users/mclaugh/Dropbox/HILT-Audio-ML/___Pre-baked data/NBC_Chimes/CBD-440607_NBC1255-Music_chime.wav'
2017-06-05 19:30:49: Delete File '/Users/mclaugh/Dropbox/HILT-Audio-ML/___Pre-baked data/NBC_Chimes/CBD-440607_NBC1600-MaryNobleBackstageWife_chime.wav'
2017-06-05 19:30:49: Delete File '/Users/mclaugh/Dropbox/HILT-Audio-ML/___Pre-baked data/NBC_Chimes/CBD-440607_NBC1715-WeLoveandLearn_chime.wav'
2017-06-05 19:30:49: Delete File '/Users/mclaugh/Dropbox/HILT-Audio-ML/___Pre-baked data/NBC_Chimes/CBD-440607_NBC1745-FrontPageFarrell_chime.wav'
2017-06-05 19:30:49: Delete Folder '/Users/mclaugh/Dropbox/HILT-Audio-ML/___Pre-baked data/NBC_Chimes'
2017-06-05 19:30:49: Delete File '/Users/mclaugh/Dropbox/HILT-Audio-ML/___Pre-baked data/NBC_Chimes_test/CBD-440607_NBC0845-ModernRomances_chime.wav'
2017-06-05 19:30:49: Delete Folder '/Users/mclaugh/Dropbox/HILT-Audio-ML/___Pre-baked data/NBC_Chimes_test'
2017-06-05 19:30:49: Delete File '/Users/mclaugh/Dropbox/HILT-Audio-ML/___Pre-baked data/NBC_Not_Chimes/CBD-440606_NBC1230-News_start_1080.55_dur_3.0.wav'
2017-06-05 19:30:49: Delete File '/Users/mclaugh/Dropbox/HILT-Audio-ML/___Pre-baked data/NBC_Not_Chimes/CBD-440606_NBC1345-MorganBeatty_start_58.14_dur_3.0.wav'
2017-06-05 19:30:49: Delete File '/Users/mclaugh/Dropbox/HILT-Audio-ML/___Pre-baked data/NBC_Not_Chimes/CBD-440606_NBC1345-MorganBeatty_start_712.89_dur_3.0.wav'
2017-06-05 19:30:49: Delete File '/Users/mclaugh/Dropbox/HILT-Audio-ML/___Pre-baked data/NBC_Not_Chimes/CBD-440606_NBC1500-NewsandMusic_start_788.34_dur_3.0.wav'
2017-06-05 19:30:49: Delete File '/Users/mclaugh/Dropbox/HILT-Audio-ML/___Pre-baked data/NBC_Not_Chimes/CBD-440606_NBC1645-NewsandMusic_start_8.13_dur_3.0.wav'
2017-06-05 19:30:49: Delete File '/Users/mclaugh/Dropbox/HILT-Audio-ML/___Pre-baked data/NBC_Not_Chimes/CBD-440606_NBC1730-NewsandMusic_start_1380.2_dur_3.0.wav'
2017-06-05 19:30:49: Delete File '/Users/mclaugh/Dropbox/HILT-Audio-ML/___Pre-baked data/NBC_Not_Chimes/CBD-440606_NBC2207-FredWaringandthePennsylvanians_start_209.94_dur_3.0.wav'
2017-06-05 19:30:49: Delete File '/Users/mclaugh/Dropbox/HILT-Audio-ML/___Pre-baked data/NBC_Not_Chimes/CBD-440606_NBC2330-NewsandMusic_start_441.32_dur_3.0.wav'
2017-06-05 19:30:49: Delete File '/Users/mclaugh/Dropbox/HILT-Audio-ML/___Pre-baked data/NBC_Not_Chimes/CBD-440607_NBC0100-MomentForMeditation_start_57.51_dur_3.0.wav'
2017-06-05 19:30:49: Delete File '/Users/mclaugh/Dropbox/HILT-Audio-ML/___Pre-baked data/NBC_Not_Chimes/CBD-440607_NBC0300-Music_start_80.6_dur_3.0.wav'
2017-06-05 19:30:49: Delete File '/Users/mclaugh/Dropbox/HILT-Audio-ML/___Pre-baked data/NBC_Not_Chimes/CBD-440607_NBC0630-ModernFarmerProgram_start_1025.84_dur_3.0.wav'
2017-06-05 19:30:49: Delete File '/Users/mclaugh/Dropbox/HILT-Audio-ML/___Pre-baked data/NBC_Not_Chimes/CBD-440607_NBC0745-ReveilleRound-Up_start_450.98_dur_3.0.wav'
2017-06-05 19:30:49: Delete File '/Users/mclaugh/Dropbox/HILT-Audio-ML/___Pre-baked data/NBC_Not_Chimes/CBD-440607_NBC0930-AdelaideHawley_start_108.35_dur_3.0.wav'
2017-06-05 19:30:49: Delete File '/Users/mclaugh/Dropbox/HILT-Audio-ML/___Pre-baked data/NBC_Not_Chimes/CBD-440607_NBC1115-VicandSade_start_583.83_dur_3.0.wav'
2017-06-05 19:30:49: Delete File '/Users/mclaugh/Dropbox/HILT-Audio-ML/___Pre-baked data/NBC_Not_Chimes/CBD-440607_NBC1230-News_start_945.26_dur_3.0.wav'
2017-06-05 19:30:49: Delete File '/Users/mclaugh/Dropbox/HILT-Audio-ML/___Pre-baked data/NBC_Not_Chimes/CBD-440607_NBC1445-HymnsOfAllChurches_start_269.81_dur_3.0.wav'
2017-06-05 19:30:49: Delete File '/Users/mclaugh/Dropbox/HILT-Audio-ML/___Pre-baked data/NBC_Not_Chimes/CBD-440607_NBC1630-LorenzoJones_start_318.05_dur_3.0.wav'
2017-06-05 19:30:49: Delete File '/Users/mclaugh/Dropbox/HILT-Audio-ML/___Pre-baked data/NBC_Not_Chimes/CBD-440607_NBC1700-WhenAGirlMarries_start_566.65_dur_3.0.wav'
2017-06-05 19:30:49: Delete Folder '/Users/mclaugh/Dropbox/HILT-Audio-ML/___Pre-baked data/NBC_Not_Chimes'
2017-06-05 19:30:49: Delete File '/Users/mclaugh/Dropbox/HILT-Audio-ML/___Pre-baked data/NBC_Not_Chimes_test/CBD-440606_NBC1945-HVKaltenborn_start_775.68_dur_3.0.wav'
2017-06-05 19:30:49: Delete Folder '/Users/mclaugh/Dropbox/HILT-Audio-ML/___Pre-baked data/NBC_Not_Chimes_test'
2017-06-05 19:30:49: Delete File '/Users/mclaugh/Dropbox/HILT-Audio-ML/___Pre-baked data/sample_audio/01_sine_440.wav'
2017-06-05 19:30:49: Delete File '/Users/mclaugh/Dropbox/HILT-Audio-ML/___Pre-baked data/sample_audio/02_CBD-440607_NBC1600-MaryNobleBackstageWife_chime.wav'
2017-06-05 19:30:49: Delete File '/Users/mclaugh/Dropbox/HILT-Audio-ML/___Pre-baked data/sample_audio/03_357305__mtg__clarinet-f-major.wav'
2017-06-05 19:30:49: Delete File '/Users/mclaugh/Dropbox/HILT-Audio-ML/___Pre-baked data/sample_audio/04_brassproject_patteson.mp3'
2017-06-05 19:30:49: Delete File '/Users/mclaugh/Dropbox/HILT-Audio-ML/___Pre-baked data/sample_audio/05_Ravel_Bolero_Andre_Rieu.mp3'
2017-06-05 19:30:49: Delete File '/Users/mclaugh/Dropbox/HILT-Audio-ML/___Pre-baked data/sample_audio/06_Amen_Break_-_normal_fast_and_slow_version-qwQLk7NcpO4.wav'
2017-06-05 19:30:49: Delete File '/Users/mclaugh/Dropbox/HILT-Audio-ML/___Pre-baked data/sample_audio/07_acoustic-kick.wav'
2017-06-05 19:30:49: Delete File '/Users/mclaugh/Dropbox/HILT-Audio-ML/___Pre-baked data/sample_audio/08_Spinee - Save Me-157140751.mp3'
2017-06-05 19:30:49: Delete File '/Users/mclaugh/Dropbox/HILT-Audio-ML/___Pre-baked data/sample_audio/09_Creeley-Robert_23_The-Warning_Chicago_5-15-61.wav'
2017-06-05 19:30:49: Delete File '/Users/mclaugh/Dropbox/HILT-Audio-ML/___Pre-baked data/sample_audio/10_Creeley_Company_supercut.mp3'
2017-06-05 19:30:49: Delete File '/Users/mclaugh/Dropbox/HILT-Audio-ML/___Pre-baked data/sample_audio/11_OSullivan-Maggie_10_Lottery-&-Requiem_States-of-Emergency_Rockdrill-11_05.mp3'
2017-06-05 19:30:49: Delete File '/Users/mclaugh/Dropbox/HILT-Audio-ML/___Pre-baked data/sample_audio/12_Mi-Kim-Myung_The-Oceans-Held-Up-a-Snarling-Dog_Segue-ZINC_2-20-16.mp3'
2017-06-05 19:30:49: Delete File '/Users/mclaugh/Dropbox/HILT-Audio-ML/___Pre-baked data/sample_audio/13_Myles - Philly ICA - 2010 - interstitial.mp3'
2017-06-05 19:30:49: Delete File '/Users/mclaugh/Dropbox/HILT-Audio-ML/___Pre-baked data/sample_audio/14_CBD-440606_NBC0500-News.annotations.csv'
2017-06-05 19:30:49: Delete File '/Users/mclaugh/Dropbox/HILT-Audio-ML/___Pre-baked data/sample_audio/14_CBD-440606_NBC0500-News.mp3'
2017-06-05 19:30:49: Delete File '/Users/mclaugh/Dropbox/HILT-Audio-ML/___Pre-baked data/sample_audio/15_square_150.wav'
2017-06-05 19:30:49: Delete Folder '/Users/mclaugh/Dropbox/HILT-Audio-ML/___Pre-baked data/sample_audio'
2017-06-05 19:30:49: Delete File '/Users/mclaugh/Dropbox/HILT-Audio-ML/___Pre-baked data/sample_audio.zip'
2017-06-05 19:30:49: Delete Folder '/Users/mclaugh/Dropbox/HILT-Audio-ML/___Pre-baked data'
2017-06-05 19:30:49: Delete File '/Users/mclaugh/Dropbox/HILT-Audio-ML/___Readings/Morris Kline 1985 - Sound chapters.pdf'
2017-06-05 19:30:49: Delete Folder '/Users/mclaugh/Dropbox/HILT-Audio-ML/___Readings'
2017-06-05 19:30:49: Delete File '/Users/mclaugh/Dropbox/HILT-Audio-ML/___students.md'
2017-06-05 19:30:49: Delete File '/Users/mclaugh/Dropbox/HILT-Audio-ML/_config.yml'
2017-06-05 19:30:49: Delete File '/Users/mclaugh/Dropbox/HILT-Audio-ML/Audio_sources.md'
2017-06-05 19:30:49: Delete File '/Users/mclaugh/Dropbox/HILT-Audio-ML/Day_1/.DS_Store'
2017-06-05 19:30:49: Delete File '/Users/mclaugh/Dropbox/HILT-Audio-ML/Day_1/.ipynb_checkpoints/1.8_Plotting_frequency_and_MFCCs_with_Librosa-checkpoint.ipynb'
2017-06-05 19:30:50: Delete Folder '/Users/mclaugh/Dropbox/HILT-Audio-ML/Day_1/.ipynb_checkpoints'
2017-06-05 19:30:50: Delete File '/Users/mclaugh/Dropbox/HILT-Audio-ML/Day_1/1.1.md'
2017-06-05 19:30:50: Delete File '/Users/mclaugh/Dropbox/HILT-Audio-ML/Day_1/1.2.md'
2017-06-05 19:30:50: Delete File '/Users/mclaugh/Dropbox/HILT-Audio-ML/Day_1/1.3.md'
2017-06-05 19:30:50: Delete File '/Users/mclaugh/Dropbox/HILT-Audio-ML/Day_1/1.4.md'
2017-06-05 19:30:50: Delete File '/Users/mclaugh/Dropbox/HILT-Audio-ML/Day_1/1.5.md'
2017-06-05 19:30:50: Delete File '/Users/mclaugh/Dropbox/HILT-Audio-ML/Day_1/1.6.md'
2017-06-05 19:30:50: Delete File '/Users/mclaugh/Dropbox/HILT-Audio-ML/Day_1/1.7.md'
2017-06-05 19:30:50: Delete File '/Users/mclaugh/Dropbox/HILT-Audio-ML/Day_1/1.7_Python_Introduction.ipynb'
2017-06-05 19:30:50: Delete File '/Users/mclaugh/Dropbox/HILT-Audio-ML/Day_1/1.8.md'
2017-06-05 19:30:50: Delete File '/Users/mclaugh/Dropbox/HILT-Audio-ML/Day_1/1.8_Plotting_frequency_and_MFCCs_with_Librosa.ipynb'
2017-06-05 19:30:50: Delete File '/Users/mclaugh/Dropbox/HILT-Audio-ML/Day_1/1.9.md'
2017-06-05 19:30:50: Delete File '/Users/mclaugh/Dropbox/HILT-Audio-ML/Day_1/img/cli01.png'
2017-06-05 19:30:50: Delete File '/Users/mclaugh/Dropbox/HILT-Audio-ML/Day_1/img/cli02.png'
2017-06-05 19:30:50: Delete File '/Users/mclaugh/Dropbox/HILT-Audio-ML/Day_1/img/cli03.png'
2017-06-05 19:30:50: Delete File '/Users/mclaugh/Dropbox/HILT-Audio-ML/Day_1/img/cli04.png'
2017-06-05 19:30:50: Delete File '/Users/mclaugh/Dropbox/HILT-Audio-ML/Day_1/img/cli05.png'
2017-06-05 19:30:50: Delete File '/Users/mclaugh/Dropbox/HILT-Audio-ML/Day_1/img/cli06.png'
2017-06-05 19:30:50: Delete File '/Users/mclaugh/Dropbox/HILT-Audio-ML/Day_1/img/cli07.png'
2017-06-05 19:30:50: Delete Folder '/Users/mclaugh/Dropbox/HILT-Audio-ML/Day_1/img'
2017-06-05 19:30:50: Delete File '/Users/mclaugh/Dropbox/HILT-Audio-ML/Day_1/img_presentation/2000px-Fourier_Series.svg.png'
2017-06-05 19:30:50: Delete File '/Users/mclaugh/Dropbox/HILT-Audio-ML/Day_1/img_presentation/2000px-Harmonic_partials_on_strings.svg.png'
2017-06-05 19:30:50: Delete File '/Users/mclaugh/Dropbox/HILT-Audio-ML/Day_1/img_presentation/2000px-Sine_wave_amplitude.svg.png'
2017-06-05 19:30:50: Delete File '/Users/mclaugh/Dropbox/HILT-Audio-ML/Day_1/img_presentation/2000px-Square_Wave_Fourier_Series.svg.png'
2017-06-05 19:30:50: Delete File '/Users/mclaugh/Dropbox/HILT-Audio-ML/Day_1/img_presentation/Adding_waves.png'
2017-06-05 19:30:50: Delete File '/Users/mclaugh/Dropbox/HILT-Audio-ML/Day_1/img_presentation/Adding_waves_spectrogram.png'
2017-06-05 19:30:50: Delete File '/Users/mclaugh/Dropbox/HILT-Audio-ML/Day_1/img_presentation/Handel_1989_p26_spectrograms.png'
2017-06-05 19:30:50: Delete File '/Users/mclaugh/Dropbox/HILT-Audio-ML/Day_1/img_presentation/Handel_1989_p28.png'
2017-06-05 19:30:50: Delete File '/Users/mclaugh/Dropbox/HILT-Audio-ML/Day_1/img_presentation/Kline_1985_p430.png'
2017-06-05 19:30:50: Delete File '/Users/mclaugh/Dropbox/HILT-Audio-ML/Day_1/img_presentation/Kline_1985_p439.png'
2017-06-05 19:30:50: Delete File '/Users/mclaugh/Dropbox/HILT-Audio-ML/Day_1/img_presentation/Kline_1985_p440.png'
2017-06-05 19:30:50: Delete File '/Users/mclaugh/Dropbox/HILT-Audio-ML/Day_1/img_presentation/Pohlmann_2011_p22_sampling.png'
2017-06-05 19:30:50: Delete File '/Users/mclaugh/Dropbox/HILT-Audio-ML/Day_1/img_presentation/Pohlmann_2011_p26_aliasing.png'
2017-06-05 19:30:50: Delete File '/Users/mclaugh/Dropbox/HILT-Audio-ML/Day_1/img_presentation/Pohlmann_2011_p94.png'
2017-06-05 19:30:50: Delete Folder '/Users/mclaugh/Dropbox/HILT-Audio-ML/Day_1/img_presentation'
2017-06-05 19:30:50: Delete Folder '/Users/mclaugh/Dropbox/HILT-Audio-ML/Day_1'
2017-06-05 19:30:50: Delete File '/Users/mclaugh/Dropbox/HILT-Audio-ML/Day_2/.DS_Store'
2017-06-05 19:30:50: Delete File '/Users/mclaugh/Dropbox/HILT-Audio-ML/Day_2/2.1.md'
2017-06-05 19:30:50: Delete File '/Users/mclaugh/Dropbox/HILT-Audio-ML/Day_2/2.2 Simple KNN Chime Classifier.ipynb'
2017-06-05 19:30:50: Delete File '/Users/mclaugh/Dropbox/HILT-Audio-ML/Day_2/2.2.md'
2017-06-05 19:30:50: Delete File '/Users/mclaugh/Dropbox/HILT-Audio-ML/Day_2/2.3.md'
2017-06-05 19:30:50: Delete File '/Users/mclaugh/Dropbox/HILT-Audio-ML/Day_2/2.4.md'
2017-06-05 19:30:50: Delete File '/Users/mclaugh/Dropbox/HILT-Audio-ML/Day_2/2.5.md'
2017-06-05 19:30:50: Delete File '/Users/mclaugh/Dropbox/HILT-Audio-ML/Day_2/Find_and_play_applause.ipynb'
2017-06-05 19:30:50: Delete File '/Users/mclaugh/Dropbox/HILT-Audio-ML/Day_2/Find_and_Play_NBC_Chimes.ipynb'
2017-06-05 19:30:50: Delete File '/Users/mclaugh/Dropbox/HILT-Audio-ML/Day_2/img/img01.png'
2017-06-05 19:30:50: Delete File '/Users/mclaugh/Dropbox/HILT-Audio-ML/Day_2/img/img02.png'
2017-06-05 19:30:50: Delete File '/Users/mclaugh/Dropbox/HILT-Audio-ML/Day_2/img/img03.png'
2017-06-05 19:30:50: Delete File '/Users/mclaugh/Dropbox/HILT-Audio-ML/Day_2/img/img04.png'
2017-06-05 19:30:50: Delete File '/Users/mclaugh/Dropbox/HILT-Audio-ML/Day_2/img/img05.png'
2017-06-05 19:30:50: Delete File '/Users/mclaugh/Dropbox/HILT-Audio-ML/Day_2/img/img06.png'
2017-06-05 19:30:50: Delete Folder '/Users/mclaugh/Dropbox/HILT-Audio-ML/Day_2/img'
2017-06-05 19:30:50: Delete File '/Users/mclaugh/Dropbox/HILT-Audio-ML/Day_2/img_presentation/svm1_Grus-2015_p197.png'
2017-06-05 19:30:50: Delete File '/Users/mclaugh/Dropbox/HILT-Audio-ML/Day_2/img_presentation/svm2_Grus-2015_p198.png'
2017-06-05 19:30:50: Delete File '/Users/mclaugh/Dropbox/HILT-Audio-ML/Day_2/img_presentation/xkcd_here_to_help.png'
2017-06-05 19:30:50: Delete Folder '/Users/mclaugh/Dropbox/HILT-Audio-ML/Day_2/img_presentation'
2017-06-05 19:30:50: Delete File '/Users/mclaugh/Dropbox/HILT-Audio-ML/Day_2/NBC_Chimes/01 Tag and Extract Chimes.md'
2017-06-05 19:30:50: Delete Folder '/Users/mclaugh/Dropbox/HILT-Audio-ML/Day_2/NBC_Chimes/model'
2017-06-05 19:30:50: Delete File '/Users/mclaugh/Dropbox/HILT-Audio-ML/Day_2/NBC_Chimes/NBC_Chimes_sample.zip'
2017-06-05 19:30:50: Delete File '/Users/mclaugh/Dropbox/HILT-Audio-ML/Day_2/NBC_Chimes/NBC_Not_Chimes_sample.zip'
2017-06-05 19:30:50: Delete Folder '/Users/mclaugh/Dropbox/HILT-Audio-ML/Day_2/NBC_Chimes'
2017-06-05 19:30:50: Delete Folder '/Users/mclaugh/Dropbox/HILT-Audio-ML/Day_2'
2017-06-05 19:30:50: Delete File '/Users/mclaugh/Dropbox/HILT-Audio-ML/Day_3/3.1.md'
2017-06-05 19:30:50: Delete File '/Users/mclaugh/Dropbox/HILT-Audio-ML/Day_3/3.2.md'
2017-06-05 19:30:50: Delete File '/Users/mclaugh/Dropbox/HILT-Audio-ML/Day_3/3.3.md'
2017-06-05 19:30:50: Delete File '/Users/mclaugh/Dropbox/HILT-Audio-ML/Day_3/3.4.md'
2017-06-05 19:30:50: Delete Folder '/Users/mclaugh/Dropbox/HILT-Audio-ML/Day_3'
2017-06-05 19:30:50: Delete File '/Users/mclaugh/Dropbox/HILT-Audio-ML/Day_4/.DS_Store'
2017-06-05 19:30:50: Delete File '/Users/mclaugh/Dropbox/HILT-Audio-ML/Day_4/4.1.md'
2017-06-05 19:30:50: Delete Folder '/Users/mclaugh/Dropbox/HILT-Audio-ML/Day_4/4.2/----'
2017-06-05 19:30:50: Delete Folder '/Users/mclaugh/Dropbox/HILT-Audio-ML/Day_4/4.2/---- - 2'
2017-06-05 19:30:50: Delete Folder '/Users/mclaugh/Dropbox/HILT-Audio-ML/Day_4/4.2/---- - 3'
2017-06-05 19:30:50: Delete Folder '/Users/mclaugh/Dropbox/HILT-Audio-ML/Day_4/4.2/---- - 4'
2017-06-05 19:30:50: Delete File '/Users/mclaugh/Dropbox/HILT-Audio-ML/Day_4/4.2/Day 4, Session 2.md'
2017-06-05 19:30:50: Delete Folder '/Users/mclaugh/Dropbox/HILT-Audio-ML/Day_4/4.2'
2017-06-05 19:30:50: Delete File '/Users/mclaugh/Dropbox/HILT-Audio-ML/Day_4/4.2.md'
2017-06-05 19:30:50: Delete Folder '/Users/mclaugh/Dropbox/HILT-Audio-ML/Day_4/4.3/----'
2017-06-05 19:30:50: Delete Folder '/Users/mclaugh/Dropbox/HILT-Audio-ML/Day_4/4.3/---- - 2'
2017-06-05 19:30:50: Delete Folder '/Users/mclaugh/Dropbox/HILT-Audio-ML/Day_4/4.3/---- - 3'
2017-06-05 19:30:50: Delete Folder '/Users/mclaugh/Dropbox/HILT-Audio-ML/Day_4/4.3/---- - 4'
2017-06-05 19:30:50: Delete File '/Users/mclaugh/Dropbox/HILT-Audio-ML/Day_4/4.3/Day 4, Session 3.md'
2017-06-05 19:30:50: Delete Folder '/Users/mclaugh/Dropbox/HILT-Audio-ML/Day_4/4.3'
2017-06-05 19:30:50: Delete File '/Users/mclaugh/Dropbox/HILT-Audio-ML/Day_4/4.3.md'
2017-06-05 19:30:50: Delete Folder '/Users/mclaugh/Dropbox/HILT-Audio-ML/Day_4/4.4/----'
2017-06-05 19:30:50: Delete Folder '/Users/mclaugh/Dropbox/HILT-Audio-ML/Day_4/4.4/---- - 2'
2017-06-05 19:30:50: Delete Folder '/Users/mclaugh/Dropbox/HILT-Audio-ML/Day_4/4.4/---- - 3'
2017-06-05 19:30:50: Delete Folder '/Users/mclaugh/Dropbox/HILT-Audio-ML/Day_4/4.4/---- - 4'
2017-06-05 19:30:50: Delete File '/Users/mclaugh/Dropbox/HILT-Audio-ML/Day_4/4.4/Day 4, Session 4.md'
2017-06-05 19:30:50: Delete Folder '/Users/mclaugh/Dropbox/HILT-Audio-ML/Day_4/4.4'
2017-06-05 19:30:50: Delete File '/Users/mclaugh/Dropbox/HILT-Audio-ML/Day_4/4.4.md'
2017-06-05 19:30:50: Delete Folder '/Users/mclaugh/Dropbox/HILT-Audio-ML/Day_4'
2017-06-05 19:30:50: Delete Folder '/Users/mclaugh/Dropbox/HILT-Audio-ML/img'
2017-06-05 19:30:50: Delete File '/Users/mclaugh/Dropbox/HILT-Audio-ML/index.md'
2017-06-05 19:30:50: Delete File '/Users/mclaugh/Dropbox/HILT-Audio-ML/README.md'
2017-06-05 19:30:50: Delete File '/Users/mclaugh/Dropbox/HILT-Audio-ML/Slides/Day_1.pptx'
2017-06-05 19:30:50: Delete File '/Users/mclaugh/Dropbox/HILT-Audio-ML/Slides/Day_2_ML.pptx'
2017-06-05 19:30:50: Delete File '/Users/mclaugh/Dropbox/HILT-Audio-ML/Slides/Day_3_STT.pptx'
2017-06-05 19:30:50: Delete File '/Users/mclaugh/Dropbox/HILT-Audio-ML/Slides/Day_4.pptx'
2017-06-05 19:30:50: Delete Folder '/Users/mclaugh/Dropbox/HILT-Audio-ML/Slides'
2017-06-05 19:30:50: Save State File /Users/mclaugh/Desktop/sharedfolder/HILT-Audio-ML/_gsdata_/_file_state_v4._gs
2017-06-05 19:30:50: Save State File /Users/mclaugh/Dropbox/HILT-Audio-ML/_gsdata_/_file_state_v4._gs
2017-06-05 19:30:50: Save Recycled DB: /Users/mclaugh/Dropbox/HILT-Audio-ML/_gsdata_/_recycled_db._gs
2017-06-05 19:30:50: == Sync Complete. Time: 00:00:01, Speed: 87.0 KB/s, OK: 175, Errors: 0
2017-06-05 19:30:50: Unlocking folder /Users/mclaugh/Desktop/sharedfolder/HILT-Audio-ML/_gsdata_/lock.gsl
2017-06-05 19:30:50: Unlocking folder /Users/mclaugh/Dropbox/HILT-Audio-ML/_gsdata_/lock.gsl
2017-06-05 19:30:50: 
