2017-06-05 19:31:05: Connected to /Users/mclaugh/Desktop/sharedfolder/HILT-Audio-ML: fs=HFS dev=/dev/disk1 mount=/: hfs=1 fat=0 netshare=0
2017-06-05 19:31:05: Connected to /Users/mclaugh/Dropbox/HILT-Audio-ML: fs=HFS dev=/dev/disk1 mount=/: hfs=1 fat=0 netshare=0
2017-06-05 19:31:05: Incremental Analyze for On File Change
2017-06-05 19:31:05: -- Analysis Started by On File Change Incremental, Under Runner
2017-06-05 19:31:05: HILT-Audio-ML_local-sync: ANALYSIS started by On File Change Incremental, Under Runner on '889820' (GoodSync 10.4.8.8)
2017-06-05 19:31:05: /Users/mclaugh/Desktop/sharedfolder/HILT-Audio-ML [TmpDest] <-> /Users/mclaugh/Dropbox/HILT-Audio-ML [TmpDest], SavePrevVers, CleanupPrevVers=30d, Copy original FS names, WaitForLocksMinutes=20, LinksCopy, ReconnectSecs=120, CopyAttrs, CopyExtAttrs, ResolveConflicts=NewerFileWins, AutoClear
2017-06-05 19:31:05: Exclude Hidden, Exclude System, Exclude name *._gstmp|/System Volume Information|Thumbs.db|.DS_Store 
2017-06-05 19:31:05: Locking folder /Users/mclaugh/Desktop/sharedfolder/HILT-Audio-ML for write
2017-06-05 19:31:05: Change in: /Users/mclaugh/Desktop/sharedfolder/HILT-Audio-ML/Audio_sources.md
2017-06-05 19:31:05: Change in: /Users/mclaugh/Desktop/sharedfolder/HILT-Audio-ML/Day_1
2017-06-05 19:31:05: Change in: /Users/mclaugh/Desktop/sharedfolder/HILT-Audio-ML/Day_2
2017-06-05 19:31:05: Change in: /Users/mclaugh/Desktop/sharedfolder/HILT-Audio-ML/Day_3
2017-06-05 19:31:05: Change in: /Users/mclaugh/Desktop/sharedfolder/HILT-Audio-ML/Day_4
2017-06-05 19:31:05: Change in: /Users/mclaugh/Desktop/sharedfolder/HILT-Audio-ML/index.md
2017-06-05 19:31:05: Change in: /Users/mclaugh/Desktop/sharedfolder/HILT-Audio-ML/README.md
2017-06-05 19:31:05: Change in: /Users/mclaugh/Desktop/sharedfolder/HILT-Audio-ML/Slides
2017-06-05 19:31:05: Locking folder /Users/mclaugh/Dropbox/HILT-Audio-ML for write
2017-06-05 19:31:05: On disk file:// space required for sync is 27.3 MB, you have 35.3 GB
2017-06-05 19:31:05: On disk file:// space required for sync is 27.3 MB, you have 35.3 GB
2017-06-05 19:31:05: Changes: 83, Conflicts: 0, CopyTime: 0, FixState: 0, Errors: 0, All: 817
2017-06-05 19:31:05: Left to Right: Copy File: 83 
2017-06-05 19:31:05: -- Analysis Complete. Time 00:00:01, Speed: 177 files/s
2017-06-05 19:31:05: == Sync Started by On File Change Incremental, Under Runner
2017-06-05 19:31:05: HILT-Audio-ML_local-sync: SYNC started by On File Change Incremental, Under Runner on '889820'
2017-06-05 19:31:05: /Users/mclaugh/Desktop/sharedfolder/HILT-Audio-ML [TmpDest] <-> /Users/mclaugh/Dropbox/HILT-Audio-ML [TmpDest], SavePrevVers, CleanupPrevVers=30d, Copy original FS names, WaitForLocksMinutes=20, LinksCopy, ReconnectSecs=120, CopyAttrs, CopyExtAttrs, ResolveConflicts=NewerFileWins, AutoClear
2017-06-05 19:31:05: Create Folder '/Users/mclaugh/Dropbox/HILT-Audio-ML/Day_1'
2017-06-05 19:31:05: Create Folder '/Users/mclaugh/Dropbox/HILT-Audio-ML/Day_1/img'
2017-06-05 19:31:05: Create Folder '/Users/mclaugh/Dropbox/HILT-Audio-ML/Day_1/img_presentation'
2017-06-05 19:31:05: Create Folder '/Users/mclaugh/Dropbox/HILT-Audio-ML/Day_2'
2017-06-05 19:31:05: Create Folder '/Users/mclaugh/Dropbox/HILT-Audio-ML/Day_2/img'
2017-06-05 19:31:05: Create Folder '/Users/mclaugh/Dropbox/HILT-Audio-ML/Day_2/img_presentation'
2017-06-05 19:31:05: Create Folder '/Users/mclaugh/Dropbox/HILT-Audio-ML/Day_2/NBC_Chimes'
2017-06-05 19:31:05: Create Folder '/Users/mclaugh/Dropbox/HILT-Audio-ML/Day_3'
2017-06-05 19:31:05: Create Folder '/Users/mclaugh/Dropbox/HILT-Audio-ML/Day_4'
2017-06-05 19:31:05: Create Folder '/Users/mclaugh/Dropbox/HILT-Audio-ML/Day_4/4.2'
2017-06-05 19:31:05: Create Folder '/Users/mclaugh/Dropbox/HILT-Audio-ML/Day_4/4.3'
2017-06-05 19:31:05: Create Folder '/Users/mclaugh/Dropbox/HILT-Audio-ML/Day_4/4.4'
2017-06-05 19:31:05: Create Folder '/Users/mclaugh/Dropbox/HILT-Audio-ML/Slides'
2017-06-05 19:31:05: Copy New '/Users/mclaugh/Desktop/sharedfolder/HILT-Audio-ML/Audio_sources.md' -> '/Users/mclaugh/Dropbox/HILT-Audio-ML/Audio_sources.md'
2017-06-05 19:31:05: Copy New '/Users/mclaugh/Desktop/sharedfolder/HILT-Audio-ML/Day_1/1.1.md' -> '/Users/mclaugh/Dropbox/HILT-Audio-ML/Day_1/1.1.md'
2017-06-05 19:31:05: Copy New '/Users/mclaugh/Desktop/sharedfolder/HILT-Audio-ML/Day_1/1.2.md' -> '/Users/mclaugh/Dropbox/HILT-Audio-ML/Day_1/1.2.md'
2017-06-05 19:31:05: Copy New '/Users/mclaugh/Desktop/sharedfolder/HILT-Audio-ML/Day_1/1.3.md' -> '/Users/mclaugh/Dropbox/HILT-Audio-ML/Day_1/1.3.md'
2017-06-05 19:31:05: Copy New '/Users/mclaugh/Desktop/sharedfolder/HILT-Audio-ML/Day_1/1.4.md' -> '/Users/mclaugh/Dropbox/HILT-Audio-ML/Day_1/1.4.md'
2017-06-05 19:31:05: Copy New '/Users/mclaugh/Desktop/sharedfolder/HILT-Audio-ML/Day_1/1.5.md' -> '/Users/mclaugh/Dropbox/HILT-Audio-ML/Day_1/1.5.md'
2017-06-05 19:31:05: Copy New '/Users/mclaugh/Desktop/sharedfolder/HILT-Audio-ML/Day_1/1.6.md' -> '/Users/mclaugh/Dropbox/HILT-Audio-ML/Day_1/1.6.md'
2017-06-05 19:31:05: Copy New '/Users/mclaugh/Desktop/sharedfolder/HILT-Audio-ML/Day_1/1.7.md' -> '/Users/mclaugh/Dropbox/HILT-Audio-ML/Day_1/1.7.md'
2017-06-05 19:31:05: Copy New '/Users/mclaugh/Desktop/sharedfolder/HILT-Audio-ML/Day_1/1.7_Python_Introduction.ipynb' -> '/Users/mclaugh/Dropbox/HILT-Audio-ML/Day_1/1.7_Python_Introduction.ipynb'
2017-06-05 19:31:05: Copy New '/Users/mclaugh/Desktop/sharedfolder/HILT-Audio-ML/Day_1/1.8.md' -> '/Users/mclaugh/Dropbox/HILT-Audio-ML/Day_1/1.8.md'
2017-06-05 19:31:05: Copy New '/Users/mclaugh/Desktop/sharedfolder/HILT-Audio-ML/Day_1/1.8_Plotting_frequency_and_MFCCs_with_Librosa.ipynb' -> '/Users/mclaugh/Dropbox/HILT-Audio-ML/Day_1/1.8_Plotting_frequency_and_MFCCs_with_Librosa.ipynb'
2017-06-05 19:31:05: Copy New '/Users/mclaugh/Desktop/sharedfolder/HILT-Audio-ML/Day_1/1.9.md' -> '/Users/mclaugh/Dropbox/HILT-Audio-ML/Day_1/1.9.md'
2017-06-05 19:31:05: Copy New '/Users/mclaugh/Desktop/sharedfolder/HILT-Audio-ML/Day_1/img/cli01.png' -> '/Users/mclaugh/Dropbox/HILT-Audio-ML/Day_1/img/cli01.png'
2017-06-05 19:31:05: Copy New '/Users/mclaugh/Desktop/sharedfolder/HILT-Audio-ML/Day_1/img/cli02.png' -> '/Users/mclaugh/Dropbox/HILT-Audio-ML/Day_1/img/cli02.png'
2017-06-05 19:31:05: Copy New '/Users/mclaugh/Desktop/sharedfolder/HILT-Audio-ML/Day_1/img/cli03.png' -> '/Users/mclaugh/Dropbox/HILT-Audio-ML/Day_1/img/cli03.png'
2017-06-05 19:31:05: Copy New '/Users/mclaugh/Desktop/sharedfolder/HILT-Audio-ML/Day_1/img/cli04.png' -> '/Users/mclaugh/Dropbox/HILT-Audio-ML/Day_1/img/cli04.png'
2017-06-05 19:31:06: Copy New '/Users/mclaugh/Desktop/sharedfolder/HILT-Audio-ML/Day_1/img/cli05.png' -> '/Users/mclaugh/Dropbox/HILT-Audio-ML/Day_1/img/cli05.png'
2017-06-05 19:31:06: Copy New '/Users/mclaugh/Desktop/sharedfolder/HILT-Audio-ML/Day_1/img/cli06.png' -> '/Users/mclaugh/Dropbox/HILT-Audio-ML/Day_1/img/cli06.png'
2017-06-05 19:31:06: Change detected [1]: t=Created path=/Day_1
2017-06-05 19:31:06: Change detected [1]: t=Created path=/Day_1/img
2017-06-05 19:31:06: Change detected [1]: t=Created path=/Day_1/img_presentation
2017-06-05 19:31:06: Change detected [1]: t=Created path=/Day_2
2017-06-05 19:31:06: Change detected [1]: t=Created path=/Day_2/img
2017-06-05 19:31:06: Change detected [1]: t=Created path=/Day_2/img_presentation
2017-06-05 19:31:06: Change detected [1]: t=Created path=/Day_2/NBC_Chimes
2017-06-05 19:31:06: Change detected [1]: t=Created path=/Day_3
2017-06-05 19:31:06: Copy New '/Users/mclaugh/Desktop/sharedfolder/HILT-Audio-ML/Day_1/img/cli07.png' -> '/Users/mclaugh/Dropbox/HILT-Audio-ML/Day_1/img/cli07.png'
2017-06-05 19:31:06: Change detected [1]: t=Created path=/Day_4
2017-06-05 19:31:06: Change detected [1]: t=Created path=/Day_4/4.2
2017-06-05 19:31:06: Change detected [1]: t=Created path=/Day_4/4.3
2017-06-05 19:31:06: Change detected [1]: t=Created path=/Day_4/4.4
2017-06-05 19:31:06: Change detected [1]: t=Created path=/Slides
2017-06-05 19:31:06: Change detected [1]: t=MovedTo path=/Audio_sources.md
2017-06-05 19:31:06: Change detected [1]: t=MovedTo path=/Day_1/1.1.md
2017-06-05 19:31:06: Change detected [1]: t=MovedTo path=/Day_1/1.2.md
2017-06-05 19:31:06: Change detected [1]: t=MovedTo path=/Day_1/1.3.md
2017-06-05 19:31:06: Change detected [1]: t=MovedTo path=/Day_1/1.4.md
2017-06-05 19:31:06: Change detected [1]: t=MovedTo path=/Day_1/1.5.md
2017-06-05 19:31:06: Change detected [1]: t=MovedTo path=/Day_1/1.6.md
2017-06-05 19:31:06: Change detected [1]: t=MovedTo path=/Day_1/1.7.md
2017-06-05 19:31:06: Change detected [1]: t=MovedTo path=/Day_1/1.7_Python_Introduction.ipynb
2017-06-05 19:31:06: Change detected [1]: t=MovedTo path=/Day_1/1.8.md
2017-06-05 19:31:06: Change detected [1]: t=MovedTo path=/Day_1/1.8_Plotting_frequency_and_MFCCs_with_Librosa.ipynb
2017-06-05 19:31:06: Change detected [1]: t=MovedTo path=/Day_1/1.9.md
2017-06-05 19:31:06: Copy New '/Users/mclaugh/Desktop/sharedfolder/HILT-Audio-ML/Day_1/img_presentation/2000px-Fourier_Series.svg.png' -> '/Users/mclaugh/Dropbox/HILT-Audio-ML/Day_1/img_presentation/2000px-Fourier_Series.svg.png'
2017-06-05 19:31:06: Copy New '/Users/mclaugh/Desktop/sharedfolder/HILT-Audio-ML/Day_1/img_presentation/2000px-Harmonic_partials_on_strings.svg.png' -> '/Users/mclaugh/Dropbox/HILT-Audio-ML/Day_1/img_presentation/2000px-Harmonic_partials_on_strings.svg.png'
2017-06-05 19:31:06: Copy New '/Users/mclaugh/Desktop/sharedfolder/HILT-Audio-ML/Day_1/img_presentation/2000px-Sine_wave_amplitude.svg.png' -> '/Users/mclaugh/Dropbox/HILT-Audio-ML/Day_1/img_presentation/2000px-Sine_wave_amplitude.svg.png'
2017-06-05 19:31:06: Copy New '/Users/mclaugh/Desktop/sharedfolder/HILT-Audio-ML/Day_1/img_presentation/2000px-Square_Wave_Fourier_Series.svg.png' -> '/Users/mclaugh/Dropbox/HILT-Audio-ML/Day_1/img_presentation/2000px-Square_Wave_Fourier_Series.svg.png'
2017-06-05 19:31:06: Copy New '/Users/mclaugh/Desktop/sharedfolder/HILT-Audio-ML/Day_1/img_presentation/Adding_waves.png' -> '/Users/mclaugh/Dropbox/HILT-Audio-ML/Day_1/img_presentation/Adding_waves.png'
2017-06-05 19:31:06: Copy New '/Users/mclaugh/Desktop/sharedfolder/HILT-Audio-ML/Day_1/img_presentation/Adding_waves_spectrogram.png' -> '/Users/mclaugh/Dropbox/HILT-Audio-ML/Day_1/img_presentation/Adding_waves_spectrogram.png'
2017-06-05 19:31:06: Copy New '/Users/mclaugh/Desktop/sharedfolder/HILT-Audio-ML/Day_1/img_presentation/Handel_1989_p26_spectrograms.png' -> '/Users/mclaugh/Dropbox/HILT-Audio-ML/Day_1/img_presentation/Handel_1989_p26_spectrograms.png'
2017-06-05 19:31:06: Copy New '/Users/mclaugh/Desktop/sharedfolder/HILT-Audio-ML/Day_1/img_presentation/Handel_1989_p28.png' -> '/Users/mclaugh/Dropbox/HILT-Audio-ML/Day_1/img_presentation/Handel_1989_p28.png'
2017-06-05 19:31:06: Copy New '/Users/mclaugh/Desktop/sharedfolder/HILT-Audio-ML/Day_1/img_presentation/Kline_1985_p430.png' -> '/Users/mclaugh/Dropbox/HILT-Audio-ML/Day_1/img_presentation/Kline_1985_p430.png'
2017-06-05 19:31:06: Copy New '/Users/mclaugh/Desktop/sharedfolder/HILT-Audio-ML/Day_1/img_presentation/Kline_1985_p439.png' -> '/Users/mclaugh/Dropbox/HILT-Audio-ML/Day_1/img_presentation/Kline_1985_p439.png'
2017-06-05 19:31:06: Copy New '/Users/mclaugh/Desktop/sharedfolder/HILT-Audio-ML/Day_1/img_presentation/Kline_1985_p440.png' -> '/Users/mclaugh/Dropbox/HILT-Audio-ML/Day_1/img_presentation/Kline_1985_p440.png'
2017-06-05 19:31:06: Copy New '/Users/mclaugh/Desktop/sharedfolder/HILT-Audio-ML/Day_1/img_presentation/Pohlmann_2011_p22_sampling.png' -> '/Users/mclaugh/Dropbox/HILT-Audio-ML/Day_1/img_presentation/Pohlmann_2011_p22_sampling.png'
2017-06-05 19:31:06: Copy New '/Users/mclaugh/Desktop/sharedfolder/HILT-Audio-ML/Day_1/img_presentation/Pohlmann_2011_p26_aliasing.png' -> '/Users/mclaugh/Dropbox/HILT-Audio-ML/Day_1/img_presentation/Pohlmann_2011_p26_aliasing.png'
2017-06-05 19:31:06: Copy New '/Users/mclaugh/Desktop/sharedfolder/HILT-Audio-ML/Day_1/img_presentation/Pohlmann_2011_p94.png' -> '/Users/mclaugh/Dropbox/HILT-Audio-ML/Day_1/img_presentation/Pohlmann_2011_p94.png'
2017-06-05 19:31:06: Copy New '/Users/mclaugh/Desktop/sharedfolder/HILT-Audio-ML/Day_2/2.1.md' -> '/Users/mclaugh/Dropbox/HILT-Audio-ML/Day_2/2.1.md'
2017-06-05 19:31:06: Copy New '/Users/mclaugh/Desktop/sharedfolder/HILT-Audio-ML/Day_2/2.2 Simple KNN Chime Classifier.ipynb' -> '/Users/mclaugh/Dropbox/HILT-Audio-ML/Day_2/2.2 Simple KNN Chime Classifier.ipynb'
2017-06-05 19:31:06: Copy New '/Users/mclaugh/Desktop/sharedfolder/HILT-Audio-ML/Day_2/2.2.md' -> '/Users/mclaugh/Dropbox/HILT-Audio-ML/Day_2/2.2.md'
2017-06-05 19:31:06: Copy New '/Users/mclaugh/Desktop/sharedfolder/HILT-Audio-ML/Day_2/2.3.md' -> '/Users/mclaugh/Dropbox/HILT-Audio-ML/Day_2/2.3.md'
2017-06-05 19:31:06: Copy New '/Users/mclaugh/Desktop/sharedfolder/HILT-Audio-ML/Day_2/2.4.md' -> '/Users/mclaugh/Dropbox/HILT-Audio-ML/Day_2/2.4.md'
2017-06-05 19:31:06: Copy New '/Users/mclaugh/Desktop/sharedfolder/HILT-Audio-ML/Day_2/2.5.md' -> '/Users/mclaugh/Dropbox/HILT-Audio-ML/Day_2/2.5.md'
2017-06-05 19:31:06: Copy New '/Users/mclaugh/Desktop/sharedfolder/HILT-Audio-ML/Day_2/Find_and_play_applause.ipynb' -> '/Users/mclaugh/Dropbox/HILT-Audio-ML/Day_2/Find_and_play_applause.ipynb'
2017-06-05 19:31:06: Copy New '/Users/mclaugh/Desktop/sharedfolder/HILT-Audio-ML/Day_2/Find_and_Play_NBC_Chimes.ipynb' -> '/Users/mclaugh/Dropbox/HILT-Audio-ML/Day_2/Find_and_Play_NBC_Chimes.ipynb'
2017-06-05 19:31:06: Copy New '/Users/mclaugh/Desktop/sharedfolder/HILT-Audio-ML/Day_2/img/img01.png' -> '/Users/mclaugh/Dropbox/HILT-Audio-ML/Day_2/img/img01.png'
2017-06-05 19:31:06: Copy New '/Users/mclaugh/Desktop/sharedfolder/HILT-Audio-ML/Day_2/img/img02.png' -> '/Users/mclaugh/Dropbox/HILT-Audio-ML/Day_2/img/img02.png'
2017-06-05 19:31:06: Copy New '/Users/mclaugh/Desktop/sharedfolder/HILT-Audio-ML/Day_2/img/img03.png' -> '/Users/mclaugh/Dropbox/HILT-Audio-ML/Day_2/img/img03.png'
2017-06-05 19:31:06: Copy New '/Users/mclaugh/Desktop/sharedfolder/HILT-Audio-ML/Day_2/img/img04.png' -> '/Users/mclaugh/Dropbox/HILT-Audio-ML/Day_2/img/img04.png'
2017-06-05 19:31:06: Copy New '/Users/mclaugh/Desktop/sharedfolder/HILT-Audio-ML/Day_2/img/img05.png' -> '/Users/mclaugh/Dropbox/HILT-Audio-ML/Day_2/img/img05.png'
2017-06-05 19:31:06: Copy New '/Users/mclaugh/Desktop/sharedfolder/HILT-Audio-ML/Day_2/img/img06.png' -> '/Users/mclaugh/Dropbox/HILT-Audio-ML/Day_2/img/img06.png'
2017-06-05 19:31:06: Copy New '/Users/mclaugh/Desktop/sharedfolder/HILT-Audio-ML/Day_2/img_presentation/svm1_Grus-2015_p197.png' -> '/Users/mclaugh/Dropbox/HILT-Audio-ML/Day_2/img_presentation/svm1_Grus-2015_p197.png'
2017-06-05 19:31:07: Copy New '/Users/mclaugh/Desktop/sharedfolder/HILT-Audio-ML/Day_2/img_presentation/svm2_Grus-2015_p198.png' -> '/Users/mclaugh/Dropbox/HILT-Audio-ML/Day_2/img_presentation/svm2_Grus-2015_p198.png'
2017-06-05 19:31:07: Copy New '/Users/mclaugh/Desktop/sharedfolder/HILT-Audio-ML/Day_2/img_presentation/xkcd_here_to_help.png' -> '/Users/mclaugh/Dropbox/HILT-Audio-ML/Day_2/img_presentation/xkcd_here_to_help.png'
2017-06-05 19:31:07: Copy New '/Users/mclaugh/Desktop/sharedfolder/HILT-Audio-ML/Day_2/NBC_Chimes/01 Tag and Extract Chimes.md' -> '/Users/mclaugh/Dropbox/HILT-Audio-ML/Day_2/NBC_Chimes/01 Tag and Extract Chimes.md'
2017-06-05 19:31:07: Copy New '/Users/mclaugh/Desktop/sharedfolder/HILT-Audio-ML/Day_2/NBC_Chimes/NBC_Chimes_sample.zip' -> '/Users/mclaugh/Dropbox/HILT-Audio-ML/Day_2/NBC_Chimes/NBC_Chimes_sample.zip'
2017-06-05 19:31:07: Copy New '/Users/mclaugh/Desktop/sharedfolder/HILT-Audio-ML/Day_2/NBC_Chimes/NBC_Not_Chimes_sample.zip' -> '/Users/mclaugh/Dropbox/HILT-Audio-ML/Day_2/NBC_Chimes/NBC_Not_Chimes_sample.zip'
2017-06-05 19:31:07: Copy New '/Users/mclaugh/Desktop/sharedfolder/HILT-Audio-ML/Day_3/3.1.md' -> '/Users/mclaugh/Dropbox/HILT-Audio-ML/Day_3/3.1.md'
2017-06-05 19:31:07: Copy New '/Users/mclaugh/Desktop/sharedfolder/HILT-Audio-ML/Day_3/3.2.md' -> '/Users/mclaugh/Dropbox/HILT-Audio-ML/Day_3/3.2.md'
2017-06-05 19:31:07: Copy New '/Users/mclaugh/Desktop/sharedfolder/HILT-Audio-ML/Day_3/3.3.md' -> '/Users/mclaugh/Dropbox/HILT-Audio-ML/Day_3/3.3.md'
2017-06-05 19:31:07: Change detected [1]: t=MovedTo path=/Day_1/img/cli01.png
2017-06-05 19:31:07: Change detected [1]: t=MovedTo path=/Day_1/img/cli02.png
2017-06-05 19:31:07: Change detected [1]: t=MovedTo path=/Day_1/img/cli03.png
2017-06-05 19:31:07: Change detected [1]: t=MovedTo path=/Day_1/img/cli04.png
2017-06-05 19:31:07: Change detected [1]: t=MovedTo path=/Day_1/img/cli05.png
2017-06-05 19:31:07: Change detected [1]: t=MovedTo path=/Day_1/img/cli06.png
2017-06-05 19:31:07: Change detected [1]: t=MovedTo path=/Day_1/img/cli07.png
2017-06-05 19:31:07: Copy New '/Users/mclaugh/Desktop/sharedfolder/HILT-Audio-ML/Day_3/3.4.md' -> '/Users/mclaugh/Dropbox/HILT-Audio-ML/Day_3/3.4.md'
2017-06-05 19:31:07: Change detected [1]: t=MovedTo path=/Day_1/img_presentation/2000px-Fourier_Series.svg.png
2017-06-05 19:31:07: Change detected [1]: t=MovedTo path=/Day_1/img_presentation/2000px-Harmonic_partials_on_strings.svg.png
2017-06-05 19:31:07: Change detected [1]: t=MovedTo path=/Day_1/img_presentation/2000px-Sine_wave_amplitude.svg.png
2017-06-05 19:31:07: Change detected [1]: t=MovedTo path=/Day_1/img_presentation/2000px-Square_Wave_Fourier_Series.svg.png
2017-06-05 19:31:07: Change detected [1]: t=MovedTo path=/Day_1/img_presentation/Adding_waves.png
2017-06-05 19:31:07: Change detected [1]: t=MovedTo path=/Day_1/img_presentation/Adding_waves_spectrogram.png
2017-06-05 19:31:07: Change detected [1]: t=MovedTo path=/Day_1/img_presentation/Handel_1989_p26_spectrograms.png
2017-06-05 19:31:07: Change detected [1]: t=MovedTo path=/Day_1/img_presentation/Handel_1989_p28.png
2017-06-05 19:31:07: Change detected [1]: t=MovedTo path=/Day_1/img_presentation/Kline_1985_p430.png
2017-06-05 19:31:07: Copy New '/Users/mclaugh/Desktop/sharedfolder/HILT-Audio-ML/Day_4/4.1.md' -> '/Users/mclaugh/Dropbox/HILT-Audio-ML/Day_4/4.1.md'
2017-06-05 19:31:07: Change detected [1]: t=MovedTo path=/Day_1/img_presentation/Kline_1985_p439.png
2017-06-05 19:31:07: Change detected [1]: t=MovedTo path=/Day_1/img_presentation/Kline_1985_p440.png
2017-06-05 19:31:07: Change detected [1]: t=MovedTo path=/Day_1/img_presentation/Pohlmann_2011_p22_sampling.png
2017-06-05 19:31:07: Change detected [1]: t=MovedTo path=/Day_1/img_presentation/Pohlmann_2011_p26_aliasing.png
2017-06-05 19:31:07: Change detected [1]: t=MovedTo path=/Day_1/img_presentation/Pohlmann_2011_p94.png
2017-06-05 19:31:07: Change detected [1]: t=MovedTo path=/Day_2/2.1.md
2017-06-05 19:31:07: Change detected [1]: t=MovedTo path=/Day_2/2.2 Simple KNN Chime Classifier.ipynb
2017-06-05 19:31:07: Change detected [1]: t=MovedTo path=/Day_2/2.2.md
2017-06-05 19:31:07: Change detected [1]: t=MovedTo path=/Day_2/2.3.md
2017-06-05 19:31:07: Copy New '/Users/mclaugh/Desktop/sharedfolder/HILT-Audio-ML/Day_4/4.2/Day 4, Session 2.md' -> '/Users/mclaugh/Dropbox/HILT-Audio-ML/Day_4/4.2/Day 4, Session 2.md'
2017-06-05 19:31:07: Change detected [1]: t=MovedTo path=/Day_2/2.4.md
2017-06-05 19:31:07: Change detected [1]: t=MovedTo path=/Day_2/2.5.md
2017-06-05 19:31:07: Change detected [1]: t=MovedTo path=/Day_2/Find_and_play_applause.ipynb
2017-06-05 19:31:07: Change detected [1]: t=MovedTo path=/Day_2/Find_and_Play_NBC_Chimes.ipynb
2017-06-05 19:31:07: Change detected [1]: t=MovedTo path=/Day_2/img/img01.png
2017-06-05 19:31:07: Change detected [1]: t=MovedTo path=/Day_2/img/img02.png
2017-06-05 19:31:07: Copy New '/Users/mclaugh/Desktop/sharedfolder/HILT-Audio-ML/Day_4/4.2.md' -> '/Users/mclaugh/Dropbox/HILT-Audio-ML/Day_4/4.2.md'
2017-06-05 19:31:07: Change detected [1]: t=MovedTo path=/Day_2/img/img03.png
2017-06-05 19:31:07: Change detected [1]: t=MovedTo path=/Day_2/img/img04.png
2017-06-05 19:31:07: Change detected [1]: t=MovedTo path=/Day_2/img/img05.png
2017-06-05 19:31:07: Change detected [1]: t=MovedTo path=/Day_2/img/img06.png
2017-06-05 19:31:07: Change detected [1]: t=MovedTo path=/Day_2/img_presentation/svm1_Grus-2015_p197.png
2017-06-05 19:31:07: Change detected [1]: t=MovedTo path=/Day_2/img_presentation/svm2_Grus-2015_p198.png
2017-06-05 19:31:07: Copy New '/Users/mclaugh/Desktop/sharedfolder/HILT-Audio-ML/Day_4/4.3/Day 4, Session 3.md' -> '/Users/mclaugh/Dropbox/HILT-Audio-ML/Day_4/4.3/Day 4, Session 3.md'
2017-06-05 19:31:07: Change detected [1]: t=MovedTo path=/Day_2/img_presentation/xkcd_here_to_help.png
2017-06-05 19:31:07: Change detected [1]: t=MovedTo path=/Day_2/NBC_Chimes/01 Tag and Extract Chimes.md
2017-06-05 19:31:07: Change detected [1]: t=MovedTo path=/Day_2/NBC_Chimes/NBC_Chimes_sample.zip
2017-06-05 19:31:07: Copy New '/Users/mclaugh/Desktop/sharedfolder/HILT-Audio-ML/Day_4/4.3.md' -> '/Users/mclaugh/Dropbox/HILT-Audio-ML/Day_4/4.3.md'
2017-06-05 19:31:07: Copy New '/Users/mclaugh/Desktop/sharedfolder/HILT-Audio-ML/Day_4/4.4/Day 4, Session 4.md' -> '/Users/mclaugh/Dropbox/HILT-Audio-ML/Day_4/4.4/Day 4, Session 4.md'
2017-06-05 19:31:07: Copy New '/Users/mclaugh/Desktop/sharedfolder/HILT-Audio-ML/Day_4/4.4.md' -> '/Users/mclaugh/Dropbox/HILT-Audio-ML/Day_4/4.4.md'
2017-06-05 19:31:07: Copy New '/Users/mclaugh/Desktop/sharedfolder/HILT-Audio-ML/index.md' -> '/Users/mclaugh/Dropbox/HILT-Audio-ML/index.md'
2017-06-05 19:31:07: Copy New '/Users/mclaugh/Desktop/sharedfolder/HILT-Audio-ML/README.md' -> '/Users/mclaugh/Dropbox/HILT-Audio-ML/README.md'
2017-06-05 19:31:07: Copy New '/Users/mclaugh/Desktop/sharedfolder/HILT-Audio-ML/Slides/Day_1.pptx' -> '/Users/mclaugh/Dropbox/HILT-Audio-ML/Slides/Day_1.pptx'
2017-06-05 19:31:07: Copy New '/Users/mclaugh/Desktop/sharedfolder/HILT-Audio-ML/Slides/Day_2_ML.pptx' -> '/Users/mclaugh/Dropbox/HILT-Audio-ML/Slides/Day_2_ML.pptx'
2017-06-05 19:31:07: Copy New '/Users/mclaugh/Desktop/sharedfolder/HILT-Audio-ML/Slides/Day_3_STT.pptx' -> '/Users/mclaugh/Dropbox/HILT-Audio-ML/Slides/Day_3_STT.pptx'
2017-06-05 19:31:07: Copy New '/Users/mclaugh/Desktop/sharedfolder/HILT-Audio-ML/Slides/Day_4.pptx' -> '/Users/mclaugh/Dropbox/HILT-Audio-ML/Slides/Day_4.pptx'
2017-06-05 19:31:07: Save State File /Users/mclaugh/Desktop/sharedfolder/HILT-Audio-ML/_gsdata_/_file_state_v4._gs
2017-06-05 19:31:07: Save State File /Users/mclaugh/Dropbox/HILT-Audio-ML/_gsdata_/_file_state_v4._gs
2017-06-05 19:31:07: == Sync Complete. Time: 00:00:02, Speed: 13.7 MB/s, OK: 83, Errors: 0
2017-06-05 19:31:07: Unlocking folder /Users/mclaugh/Desktop/sharedfolder/HILT-Audio-ML/_gsdata_/lock.gsl
2017-06-05 19:31:07: Unlocking folder /Users/mclaugh/Dropbox/HILT-Audio-ML/_gsdata_/lock.gsl
2017-06-05 19:31:07: 
