2017-06-05 19:24:18: Connected to /Users/mclaugh/Desktop/sharedfolder/HILT-Audio-ML: fs=HFS dev=/dev/disk1 mount=/: hfs=1 fat=0 netshare=0
2017-06-05 19:24:18: Connected to /Users/mclaugh/Dropbox/HILT-Audio-ML: fs=HFS dev=/dev/disk1 mount=/: hfs=1 fat=0 netshare=0
2017-06-05 19:24:18: First Full Analyze for On File Change
2017-06-05 19:24:18: -- Analysis Started by On File Change Incremental, Under Runner
2017-06-05 19:24:18: HILT-Audio-ML_local-sync: ANALYSIS started by On File Change Incremental, Under Runner on '889820' (GoodSync 10.4.8.8)
2017-06-05 19:24:18: /Users/mclaugh/Desktop/sharedfolder/HILT-Audio-ML [TmpDest] <-> /Users/mclaugh/Dropbox/HILT-Audio-ML [TmpDest], SavePrevVers, CleanupPrevVers=30d, Copy original FS names, WaitForLocksMinutes=20, LinksCopy, ReconnectSecs=120, CopyAttrs, CopyExtAttrs, ResolveConflicts=NewerFileWins, AutoClear
2017-06-05 19:24:18: Exclude Hidden, Exclude System, Exclude name *._gstmp|/System Volume Information|Thumbs.db|.DS_Store 
2017-06-05 19:24:18: Locking folder /Users/mclaugh/Desktop/sharedfolder/HILT-Audio-ML for write
2017-06-05 19:24:18: L: Reading State File /Users/mclaugh/Desktop/sharedfolder/HILT-Audio-ML/_gsdata_/_file_state_v4._gs
2017-06-05 19:24:18: L: State file does not exist: /Users/mclaugh/Desktop/sharedfolder/HILT-Audio-ML/_gsdata_/_file_state_v4._gs
2017-06-05 19:24:18: L: Files: 0 (excluded 0). Folders: 0 (excluded 2). Times (s): Folder Scan: 0.001 (2000 f/s), Compare: 0.000 fs=HFS dev=/dev/disk1 mount=/ Free: 36.0 GB, Total: 464.7 GB
2017-06-05 19:24:18: Locking folder /Users/mclaugh/Dropbox/HILT-Audio-ML for write
2017-06-05 19:24:18: R: Reading State File /Users/mclaugh/Dropbox/HILT-Audio-ML/_gsdata_/_file_state_v4._gs
2017-06-05 19:24:18: R: Files: 131 (excluded 7). Folders: 37 (excluded 3). Times (s): Folder Scan: 0.072 (2472 f/s), Compare: 0.004 fs=HFS dev=/dev/disk1 mount=/ Free: 36.0 GB, Total: 464.7 GB
2017-06-05 19:24:18: On disk file:// space required for sync is 119.7 MB, you have 36.0 GB
2017-06-05 19:24:18: On disk file:// space required for sync is 119.7 MB, you have 36.0 GB
2017-06-05 19:24:18: Changes: 168, Conflicts: 0, CopyTime: 0, FixState: 120, Errors: 0, All: 809
2017-06-05 19:24:18: Right to Left: Copy File: 168 
2017-06-05 19:24:18: -- Analysis Complete. Time 00:00:02, Speed: 89 files/s
2017-06-05 19:24:18: == Sync Started by On File Change Incremental, Under Runner
2017-06-05 19:24:18: HILT-Audio-ML_local-sync: SYNC started by On File Change Incremental, Under Runner on '889820'
2017-06-05 19:24:18: /Users/mclaugh/Desktop/sharedfolder/HILT-Audio-ML [TmpDest] <-> /Users/mclaugh/Dropbox/HILT-Audio-ML [TmpDest], SavePrevVers, CleanupPrevVers=30d, Copy original FS names, WaitForLocksMinutes=20, LinksCopy, ReconnectSecs=120, CopyAttrs, CopyExtAttrs, ResolveConflicts=NewerFileWins, AutoClear
2017-06-05 19:24:18: Sync State Merge: /.git-rewrite/backup-refs
2017-06-05 19:24:18: Sync State Merge: /.git-rewrite/commit
2017-06-05 19:24:18: Sync State Merge: /.git-rewrite/heads
2017-06-05 19:24:18: Sync State Merge: /.git-rewrite/index
2017-06-05 19:24:18: Sync State Merge: /.git-rewrite/index.lock
2017-06-05 19:24:18: Sync State Merge: /.git-rewrite/map/01576bbd0401b5b373e5700768e986ac1d955b4c
2017-06-05 19:24:18: Sync State Merge: /.git-rewrite/map/02f283566fd1961430d3bb003e6af5003231ea70
2017-06-05 19:24:18: Sync State Merge: /.git-rewrite/map/059b209165258c5c8c5c08b6b77fbbc3a39b588c
2017-06-05 19:24:18: Sync State Merge: /.git-rewrite/map/05cfbfc21a486ace5e2280b0d006eb84da3e51e9
2017-06-05 19:24:18: Sync State Merge: /.git-rewrite/map/06f5ec1880a79e9c515d22260f01d63fc73fe88b
2017-06-05 19:24:18: Sync State Merge: /.git-rewrite/map/0906df69c6fac2d715266e186c4a35ca15afdf13
2017-06-05 19:24:18: Sync State Merge: /.git-rewrite/map/0987529fc82b2a7a7b4a5a4a24212c1f1964e414
2017-06-05 19:24:18: Sync State Merge: /.git-rewrite/map/0b97d4b7e2ea7f6efb57e92cc331f2568fef3d46
2017-06-05 19:24:18: Sync State Merge: /.git-rewrite/map/0c054688e6d9f7c680d7be3799d8b59b93aeb568
2017-06-05 19:24:18: Sync State Merge: /.git-rewrite/map/0c2091b6c9d8e7d6d56faf319049612878f4be3e
2017-06-05 19:24:18: Sync State Merge: /.git-rewrite/map/0f485f0931384432348ae40d4091d494de1a87a5
2017-06-05 19:24:18: Sync State Merge: /.git-rewrite/map/12271c48e1cb0d51e703d276bfbbadacb128ba77
2017-06-05 19:24:18: Sync State Merge: /.git-rewrite/map/13afe4d7995875cb4c17e75e7cf671a56b6efc81
2017-06-05 19:24:18: Sync State Merge: /.git-rewrite/map/14a8104a4a4a0a3a50e8ac7f92d6787469ac312f
2017-06-05 19:24:18: Sync State Merge: /.git-rewrite/map/17a87b3d42fb65b2b789195a889e06f9a2ca0561
2017-06-05 19:24:18: Sync State Merge: /.git-rewrite/map/1eb8f21db7935e9f5ec6aadfc1b62312b8cea593
2017-06-05 19:24:18: Sync State Merge: /.git-rewrite/map/1ebad15a4ed8b270cae49042d51092ad4b07b9f2
2017-06-05 19:24:18: Sync State Merge: /.git-rewrite/map/25ecb6b344753e7679f3281cf6ae5d843a8e5d53
2017-06-05 19:24:18: Sync State Merge: /.git-rewrite/map/26ce148449a38db26f432e1a35d0b1202198c15c
2017-06-05 19:24:18: Sync State Merge: /.git-rewrite/map/279f65ffed21af6a10ac89269b703d7283e17acd
2017-06-05 19:24:18: Sync State Merge: /.git-rewrite/map/2957670dd8019b9f7e6c17bb11f4031805759fe5
2017-06-05 19:24:18: Sync State Merge: /.git-rewrite/map/299d1fe1d59a6e6058d58a6b2a4751303aa17829
2017-06-05 19:24:18: Sync State Merge: /.git-rewrite/map/2dc3c5c3c44aee962ea5fe2ac2c790efaa3de2f1
2017-06-05 19:24:18: Sync State Merge: /.git-rewrite/map/2dd575797a1077943b3350cd9e509e231b0577c7
2017-06-05 19:24:18: Sync State Merge: /.git-rewrite/map/2e35b053990401057f9a428593060e83e100940a
2017-06-05 19:24:18: Sync State Merge: /.git-rewrite/map/2fb35f3e0061911205b3a7b131982d912409b016
2017-06-05 19:24:18: Sync State Merge: /.git-rewrite/map/30ed8a072f566c61bc5d090beb1021dcef541aa2
2017-06-05 19:24:18: Sync State Merge: /.git-rewrite/map/33990cb683152344298f161c777e03158692fc52
2017-06-05 19:24:18: Sync State Merge: /.git-rewrite/map/343de03fdd58ee45aad5d8fedd258139f5fbb09c
2017-06-05 19:24:18: Sync State Merge: /.git-rewrite/map/3617fb8b46a59a9201e878b59f00cb7bed996c76
2017-06-05 19:24:18: Sync State Merge: /.git-rewrite/map/3b74b02629373429260064615bf3cef8413a29bb
2017-06-05 19:24:18: Sync State Merge: /.git-rewrite/map/3eff8eb1e00a6c1b2af17ec9d87e5d1681f2c068
2017-06-05 19:24:18: Sync State Merge: /.git-rewrite/map/40bb7a0b36b125eee72e74e48e23b069b1421a32
2017-06-05 19:24:18: Sync State Merge: /.git-rewrite/map/40c53a49ddf530b69bb09a121c20a1b62dfc292b
2017-06-05 19:24:18: Sync State Merge: /.git-rewrite/map/42d99d4bfec7a54072d0bd7ae9316108d5fd2881
2017-06-05 19:24:18: Sync State Merge: /.git-rewrite/map/43b0ecfa91b78c0553b623c7806097eb571cf17d
2017-06-05 19:24:18: Sync State Merge: /.git-rewrite/map/465eace705914214a24f030f0d0f023dbbbe746c
2017-06-05 19:24:18: Sync State Merge: /.git-rewrite/map/4abacefc819e9e282546bf4f4d4e3e4523999936
2017-06-05 19:24:18: Sync State Merge: /.git-rewrite/map/4b7cbf76dbd55fab24e638ad8c644a9b2e60d811
2017-06-05 19:24:18: Sync State Merge: /.git-rewrite/map/4fd07597bbe9bf2cfc1dd916e2c8bdeb04d704e5
2017-06-05 19:24:18: Sync State Merge: /.git-rewrite/map/5706eb051052ec90ff1eaa861602e48ad06c5203
2017-06-05 19:24:18: Sync State Merge: /.git-rewrite/map/58bd51617b261062a0864edad951842d2ef24dca
2017-06-05 19:24:18: Sync State Merge: /.git-rewrite/map/611b71342b84d43bd4bfc88bbdc473b6999071ec
2017-06-05 19:24:18: Sync State Merge: /.git-rewrite/map/6194345b08214a126bfe9dbc9937cb031851b8ba
2017-06-05 19:24:18: Sync State Merge: /.git-rewrite/map/622a41d7b06209932cd63e080233b1324ebe7911
2017-06-05 19:24:18: Sync State Merge: /.git-rewrite/map/640adc7a910e018a7593350684a3187284881e2f
2017-06-05 19:24:18: Sync State Merge: /.git-rewrite/map/6a4316782642040c6d8869f8c4378e1e781c45c0
2017-06-05 19:24:18: Sync State Merge: /.git-rewrite/map/6a7e78f1475752e83d1070945bc9e4b56249717c
2017-06-05 19:24:18: Sync State Merge: /.git-rewrite/map/6d61c6688d0abbf9800b9b7fc3d256ec904e766b
2017-06-05 19:24:18: Sync State Merge: /.git-rewrite/map/76469a28e16a1ba503ee7786c5ba8cf3fb27bf38
2017-06-05 19:24:18: Sync State Merge: /.git-rewrite/map/7774b17a0eff912b4b3aa7b44d844dda045408ae
2017-06-05 19:24:18: Sync State Merge: /.git-rewrite/map/7a4122026bd58a1f8d1f525316da1cfb57280e7c
2017-06-05 19:24:18: Sync State Merge: /.git-rewrite/map/7aaa5c6dc81a29db355b703b81b0762214cf974c
2017-06-05 19:24:18: Sync State Merge: /.git-rewrite/map/8182234f0b9cd32bf386f90a7c75573fe26a9a1d
2017-06-05 19:24:18: Sync State Merge: /.git-rewrite/map/858455f78d1ac107d54a649b99b0f5ce39388d3f
2017-06-05 19:24:18: Sync State Merge: /.git-rewrite/map/8bf3f9501c38f2753b558be3f841e0cde8bc9908
2017-06-05 19:24:18: Sync State Merge: /.git-rewrite/map/8dbd34c39344b40e95607a5abdc1b7449dbc6305
2017-06-05 19:24:18: Sync State Merge: /.git-rewrite/map/91e946a657f92b8ab83bd2e9c4aec6149211a578
2017-06-05 19:24:18: Sync State Merge: /.git-rewrite/map/92c9d099e32ba21f6df5849cfc374beac6791d39
2017-06-05 19:24:18: Sync State Merge: /.git-rewrite/map/945ef8cd8051b83940df62cc5ab66a9d08084784
2017-06-05 19:24:18: Sync State Merge: /.git-rewrite/map/9655ab44d560283284d9bd1813ebaa3aeaf68f51
2017-06-05 19:24:18: Sync State Merge: /.git-rewrite/map/9655cc9c15907b8e191495ed64caf7b0ccaf18b5
2017-06-05 19:24:18: Sync State Merge: /.git-rewrite/map/98432ced0a0f369af8f7f1c83b984c513be8d4f2
2017-06-05 19:24:18: Sync State Merge: /.git-rewrite/map/9a4d70f98b158d785c5f5a310edf9df270c50f0b
2017-06-05 19:24:18: Sync State Merge: /.git-rewrite/map/9cd2a21cdffcc678dd7ac16fb431130757ce69d9
2017-06-05 19:24:18: Sync State Merge: /.git-rewrite/map/9ee9d6b39e559a470a114d9e1bb3643256ebe909
2017-06-05 19:24:18: Sync State Merge: /.git-rewrite/map/9fca2b62302c087451a85688160b8ced724d2292
2017-06-05 19:24:18: Sync State Merge: /.git-rewrite/map/a438330ec80f7273afc3e8e9b47dc886bf5dd934
2017-06-05 19:24:18: Sync State Merge: /.git-rewrite/map/abeaba910ae66f255d702b5577f666c71177b4f7
2017-06-05 19:24:18: Sync State Merge: /.git-rewrite/map/aca5247261e67f16f9cc9c05a0e594abb74f5278
2017-06-05 19:24:18: Sync State Merge: /.git-rewrite/map/b1a5fdeccfa0bb578b99734232c4c68229892e68
2017-06-05 19:24:18: Sync State Merge: /.git-rewrite/map/b2073abac7028ca532d4e19ef43e50841457bf99
2017-06-05 19:24:18: Sync State Merge: /.git-rewrite/map/b3cff1252bb8d433e7ff266402653455412c8b3c
2017-06-05 19:24:18: Sync State Merge: /.git-rewrite/map/b452f726958e1ac96754749421e0e74c55cf6a70
2017-06-05 19:24:18: Sync State Merge: /.git-rewrite/map/b6a87736780f00c18eacf6503e21fb015ace8d31
2017-06-05 19:24:18: Sync State Merge: /.git-rewrite/map/b8118ccb2fc8ae43958cea461d74c77b502f8ea9
2017-06-05 19:24:18: Sync State Merge: /.git-rewrite/map/b9cf921c947c3c4e4b29fdabda86432aef6f8d09
2017-06-05 19:24:18: Sync State Merge: /.git-rewrite/map/ba31442e81461e2fc6c8d96c5f1b1189e26764a3
2017-06-05 19:24:18: Sync State Merge: /.git-rewrite/map/bce50883e3011330a8fde3a7ff4b6a60c4081335
2017-06-05 19:24:18: Sync State Merge: /.git-rewrite/map/bdd7cbd3c68bdbd617380f1828a8984f4d3c7a76
2017-06-05 19:24:18: Sync State Merge: /.git-rewrite/map/c6ccca921463b497748dcb58cbdc466da507e1c6
2017-06-05 19:24:18: Sync State Merge: /.git-rewrite/map/ca6ce2de4a97987f589e7fcbffefecdcc587e179
2017-06-05 19:24:18: Sync State Merge: /.git-rewrite/map/ca9a4025619067f6b13c5449bedf4b6ade57236a
2017-06-05 19:24:18: Sync State Merge: /.git-rewrite/map/cae6ce213f164b1141da19d379eb50f8ae9128d7
2017-06-05 19:24:18: Sync State Merge: /.git-rewrite/map/d543b30ddb76745ab629db61db1c92a51b145edd
2017-06-05 19:24:18: Sync State Merge: /.git-rewrite/map/d54519b8945897d0a3f53d29d62141785a773d68
2017-06-05 19:24:18: Sync State Merge: /.git-rewrite/map/d9b3d31adc1a8f2a2f413b5613ce3b9049e4f91f
2017-06-05 19:24:18: Sync State Merge: /.git-rewrite/map/db543e0e174cfc4cb64ea7493bb799693b9cc30c
2017-06-05 19:24:18: Sync State Merge: /.git-rewrite/map/dbb22d2a6c477d9aafb9f15b1131174c1c2ba18c
2017-06-05 19:24:18: Sync State Merge: /.git-rewrite/map/dc0ed5d316075c93b6cf520e49880ea0446617d0
2017-06-05 19:24:18: Sync State Merge: /.git-rewrite/map/dcb6ce6af844006ab7ed997202061f0b7a6c5b4d
2017-06-05 19:24:18: Sync State Merge: /.git-rewrite/map/e06b35f9ae462e19c759f882575501a664982468
2017-06-05 19:24:18: Sync State Merge: /.git-rewrite/map/e64d1a93550cf24735a6d7b7786d8ef56fdc9203
2017-06-05 19:24:18: Sync State Merge: /.git-rewrite/map/e760e4409f7604323773397076203e8bb9faa665
2017-06-05 19:24:18: Sync State Merge: /.git-rewrite/map/e766df588cdd6ec880812183af93d4fe9eb31425
2017-06-05 19:24:18: Sync State Merge: /.git-rewrite/map/ed46b5977c1b27ce147b27625661b6b004f70bfd
2017-06-05 19:24:18: Sync State Merge: /.git-rewrite/map/ed78050f3d277d1ab5e64eda89a43eb4e602c075
2017-06-05 19:24:18: Sync State Merge: /.git-rewrite/map/eee69bca4a042c25c2e904b9883adceab4fa7d3a
2017-06-05 19:24:18: Sync State Merge: /.git-rewrite/map/f2cac20d612407e7b4b505128edda4986b1e3389
2017-06-05 19:24:18: Sync State Merge: /.git-rewrite/map/f2ec3dfea02284843e7a786d39f7294a813bf106
2017-06-05 19:24:18: Sync State Merge: /.git-rewrite/map/f9bb8584f4657aa1a5e0cedcbf9cc65113e8ad21
2017-06-05 19:24:18: Sync State Merge: /.git-rewrite/map/fcba483c244143cb562a85627f4686b5977ec6aa
2017-06-05 19:24:18: Sync State Merge: /.git-rewrite/map
2017-06-05 19:24:18: Sync State Merge: /.git-rewrite/message
2017-06-05 19:24:18: Sync State Merge: /.git-rewrite/parse
2017-06-05 19:24:18: Sync State Merge: /.git-rewrite/raw-heads
2017-06-05 19:24:18: Sync State Merge: /.git-rewrite/revs
2017-06-05 19:24:18: Sync State Merge: /.git-rewrite/t
2017-06-05 19:24:18: Sync State Merge: /.git-rewrite
2017-06-05 19:24:18: Sync State Merge: /___students codd.md
2017-06-05 19:24:18: Sync State Merge: /___students copy.md
2017-06-05 19:24:18: Sync State Merge: /___students.pdf
2017-06-05 19:24:18: Sync State Merge: /Day_1/1.8_Plotting_spectral_data_and_MFCCs_with_Librosa.ipynb
2017-06-05 19:24:18: Sync State Merge: /Day_1/1.8_Plotting_Spectral_Frames_and_MFCCs_with_Librosa.ipynb
2017-06-05 19:24:18: Sync State Merge: /Slides/Day_1_Sound.pptx
2017-06-05 19:24:18: Create Folder '/Users/mclaugh/Desktop/sharedfolder/HILT-Audio-ML/___Inbox'
2017-06-05 19:24:18: Create Folder '/Users/mclaugh/Desktop/sharedfolder/HILT-Audio-ML/___Inbox/Discard'
2017-06-05 19:24:18: Create Folder '/Users/mclaugh/Desktop/sharedfolder/HILT-Audio-ML/___Outside_sources'
2017-06-05 19:24:18: Create Folder '/Users/mclaugh/Desktop/sharedfolder/HILT-Audio-ML/___Pre-baked data'
2017-06-05 19:24:18: Create Folder '/Users/mclaugh/Desktop/sharedfolder/HILT-Audio-ML/___Pre-baked data/NBC_Chimes'
2017-06-05 19:24:18: Create Folder '/Users/mclaugh/Desktop/sharedfolder/HILT-Audio-ML/___Pre-baked data/NBC_Chimes_test'
2017-06-05 19:24:18: Create Folder '/Users/mclaugh/Desktop/sharedfolder/HILT-Audio-ML/___Pre-baked data/NBC_Not_Chimes'
2017-06-05 19:24:18: Create Folder '/Users/mclaugh/Desktop/sharedfolder/HILT-Audio-ML/___Pre-baked data/NBC_Not_Chimes_test'
2017-06-05 19:24:18: Create Folder '/Users/mclaugh/Desktop/sharedfolder/HILT-Audio-ML/___Pre-baked data/sample_audio'
2017-06-05 19:24:18: Create Folder '/Users/mclaugh/Desktop/sharedfolder/HILT-Audio-ML/___Readings'
2017-06-05 19:24:18: Create Folder '/Users/mclaugh/Desktop/sharedfolder/HILT-Audio-ML/Day_1'
2017-06-05 19:24:18: Create Folder '/Users/mclaugh/Desktop/sharedfolder/HILT-Audio-ML/Day_1/img'
2017-06-05 19:24:18: Create Folder '/Users/mclaugh/Desktop/sharedfolder/HILT-Audio-ML/Day_1/img_presentation'
2017-06-05 19:24:18: Create Folder '/Users/mclaugh/Desktop/sharedfolder/HILT-Audio-ML/Day_2'
2017-06-05 19:24:18: Create Folder '/Users/mclaugh/Desktop/sharedfolder/HILT-Audio-ML/Day_2/img'
2017-06-05 19:24:18: Create Folder '/Users/mclaugh/Desktop/sharedfolder/HILT-Audio-ML/Day_2/img_presentation'
2017-06-05 19:24:19: Create Folder '/Users/mclaugh/Desktop/sharedfolder/HILT-Audio-ML/Day_2/NBC_Chimes'
2017-06-05 19:24:19: Create Folder '/Users/mclaugh/Desktop/sharedfolder/HILT-Audio-ML/Day_2/NBC_Chimes/model'
2017-06-05 19:24:19: Create Folder '/Users/mclaugh/Desktop/sharedfolder/HILT-Audio-ML/Day_3'
2017-06-05 19:24:19: Create Folder '/Users/mclaugh/Desktop/sharedfolder/HILT-Audio-ML/Day_4'
2017-06-05 19:24:19: Create Folder '/Users/mclaugh/Desktop/sharedfolder/HILT-Audio-ML/Day_4/4.2'
2017-06-05 19:24:19: Create Folder '/Users/mclaugh/Desktop/sharedfolder/HILT-Audio-ML/Day_4/4.2/----'
2017-06-05 19:24:19: Create Folder '/Users/mclaugh/Desktop/sharedfolder/HILT-Audio-ML/Day_4/4.2/---- - 2'
2017-06-05 19:24:19: Create Folder '/Users/mclaugh/Desktop/sharedfolder/HILT-Audio-ML/Day_4/4.2/---- - 3'
2017-06-05 19:24:19: Create Folder '/Users/mclaugh/Desktop/sharedfolder/HILT-Audio-ML/Day_4/4.2/---- - 4'
2017-06-05 19:24:19: Create Folder '/Users/mclaugh/Desktop/sharedfolder/HILT-Audio-ML/Day_4/4.3'
2017-06-05 19:24:19: Create Folder '/Users/mclaugh/Desktop/sharedfolder/HILT-Audio-ML/Day_4/4.3/----'
2017-06-05 19:24:19: Create Folder '/Users/mclaugh/Desktop/sharedfolder/HILT-Audio-ML/Day_4/4.3/---- - 2'
2017-06-05 19:24:19: Create Folder '/Users/mclaugh/Desktop/sharedfolder/HILT-Audio-ML/Day_4/4.3/---- - 3'
2017-06-05 19:24:19: Create Folder '/Users/mclaugh/Desktop/sharedfolder/HILT-Audio-ML/Day_4/4.3/---- - 4'
2017-06-05 19:24:19: Create Folder '/Users/mclaugh/Desktop/sharedfolder/HILT-Audio-ML/Day_4/4.4'
2017-06-05 19:24:19: Create Folder '/Users/mclaugh/Desktop/sharedfolder/HILT-Audio-ML/Day_4/4.4/----'
2017-06-05 19:24:19: Change detected [0]: t=Created path=/___Inbox
2017-06-05 19:24:19: Change detected [0]: t=Created path=/___Inbox/Discard
2017-06-05 19:24:19: Change detected [0]: t=Created path=/___Outside_sources
2017-06-05 19:24:19: Change detected [0]: t=Created path=/___Pre-baked data
2017-06-05 19:24:19: Change detected [0]: t=Created path=/___Pre-baked data/NBC_Chimes
2017-06-05 19:24:19: Change detected [0]: t=Created path=/___Pre-baked data/NBC_Chimes_test
2017-06-05 19:24:19: Change detected [0]: t=Created path=/___Pre-baked data/NBC_Not_Chimes
2017-06-05 19:24:19: Change detected [0]: t=Created path=/___Pre-baked data/NBC_Not_Chimes_test
2017-06-05 19:24:19: Change detected [0]: t=Created path=/___Pre-baked data/sample_audio
2017-06-05 19:24:19: Change detected [0]: t=Created path=/___Readings
2017-06-05 19:24:19: Change detected [0]: t=Created path=/Day_1
2017-06-05 19:24:19: Change detected [0]: t=Created path=/Day_1/img
2017-06-05 19:24:19: Change detected [0]: t=Created path=/Day_1/img_presentation
2017-06-05 19:24:19: Create Folder '/Users/mclaugh/Desktop/sharedfolder/HILT-Audio-ML/Day_4/4.4/---- - 2'
2017-06-05 19:24:19: Change detected [0]: t=Created path=/Day_2
2017-06-05 19:24:19: Change detected [0]: t=Created path=/Day_2/img
2017-06-05 19:24:19: Change detected [0]: t=Created path=/Day_2/img_presentation
2017-06-05 19:24:19: Change detected [0]: t=Created path=/Day_2/NBC_Chimes
2017-06-05 19:24:19: Change detected [0]: t=Created path=/Day_2/NBC_Chimes/model
2017-06-05 19:24:19: Change detected [0]: t=Created path=/Day_3
2017-06-05 19:24:19: Change detected [0]: t=Created path=/Day_4
2017-06-05 19:24:19: Change detected [0]: t=Created path=/Day_4/4.2
2017-06-05 19:24:19: Change detected [0]: t=Created path=/Day_4/4.2/----
2017-06-05 19:24:19: Change detected [0]: t=Created path=/Day_4/4.2/---- - 2
2017-06-05 19:24:19: Change detected [0]: t=Created path=/Day_4/4.2/---- - 3
2017-06-05 19:24:19: Change detected [0]: t=Created path=/Day_4/4.2/---- - 4
2017-06-05 19:24:19: Change detected [0]: t=Created path=/Day_4/4.3
2017-06-05 19:24:19: Create Folder '/Users/mclaugh/Desktop/sharedfolder/HILT-Audio-ML/Day_4/4.4/---- - 3'
2017-06-05 19:24:19: Create Folder '/Users/mclaugh/Desktop/sharedfolder/HILT-Audio-ML/Day_4/4.4/---- - 4'
2017-06-05 19:24:19: Create Folder '/Users/mclaugh/Desktop/sharedfolder/HILT-Audio-ML/img'
2017-06-05 19:24:19: Create Folder '/Users/mclaugh/Desktop/sharedfolder/HILT-Audio-ML/Slides'
2017-06-05 19:24:19: Copy New '/Users/mclaugh/Dropbox/HILT-Audio-ML/___Inbox/ASIST.md' -> '/Users/mclaugh/Desktop/sharedfolder/HILT-Audio-ML/___Inbox/ASIST.md'
2017-06-05 19:24:19: Copy New '/Users/mclaugh/Dropbox/HILT-Audio-ML/___Inbox/Basic SmacPy classifier.md' -> '/Users/mclaugh/Desktop/sharedfolder/HILT-Audio-ML/___Inbox/Basic SmacPy classifier.md'
2017-06-05 19:24:19: Copy New '/Users/mclaugh/Dropbox/HILT-Audio-ML/___Inbox/Create Spectrograms on CLI.md' -> '/Users/mclaugh/Desktop/sharedfolder/HILT-Audio-ML/___Inbox/Create Spectrograms on CLI.md'
2017-06-05 19:24:19: Copy New '/Users/mclaugh/Dropbox/HILT-Audio-ML/___Inbox/Day 1.md' -> '/Users/mclaugh/Desktop/sharedfolder/HILT-Audio-ML/___Inbox/Day 1.md'
2017-06-05 19:24:19: Copy New '/Users/mclaugh/Dropbox/HILT-Audio-ML/___Inbox/Evaluate how well pyAudioAnalysis emotion detector does.md' -> '/Users/mclaugh/Desktop/sharedfolder/HILT-Audio-ML/___Inbox/Evaluate how well pyAudioAnalysis emotion detector does.md'
2017-06-05 19:24:19: Copy New '/Users/mclaugh/Dropbox/HILT-Audio-ML/___Inbox/First task- install ffmpeg properly.md' -> '/Users/mclaugh/Desktop/sharedfolder/HILT-Audio-ML/___Inbox/First task- install ffmpeg properly.md'
2017-06-05 19:24:19: Copy New '/Users/mclaugh/Dropbox/HILT-Audio-ML/___Inbox/HILT Early Outline.md' -> '/Users/mclaugh/Desktop/sharedfolder/HILT-Audio-ML/___Inbox/HILT Early Outline.md'
2017-06-05 19:24:19: Copy New '/Users/mclaugh/Dropbox/HILT-Audio-ML/___Inbox/HILT Planning Notes.md' -> '/Users/mclaugh/Desktop/sharedfolder/HILT-Audio-ML/___Inbox/HILT Planning Notes.md'
2017-06-05 19:24:19: Copy New '/Users/mclaugh/Dropbox/HILT-Audio-ML/___Inbox/Ideas to Add.txt' -> '/Users/mclaugh/Desktop/sharedfolder/HILT-Audio-ML/___Inbox/Ideas to Add.txt'
2017-06-05 19:24:19: Copy New '/Users/mclaugh/Dropbox/HILT-Audio-ML/___Inbox/Snippets and ideas.txt' -> '/Users/mclaugh/Desktop/sharedfolder/HILT-Audio-ML/___Inbox/Snippets and ideas.txt'
2017-06-05 19:24:20: Copy New '/Users/mclaugh/Dropbox/HILT-Audio-ML/___Inbox/Untitled.md' -> '/Users/mclaugh/Desktop/sharedfolder/HILT-Audio-ML/___Inbox/Untitled.md'
2017-06-05 19:24:20: Copy New '/Users/mclaugh/Dropbox/HILT-Audio-ML/___Inbox/Wget.md' -> '/Users/mclaugh/Desktop/sharedfolder/HILT-Audio-ML/___Inbox/Wget.md'
2017-06-05 19:24:20: Change detected [0]: t=Created path=/Day_4/4.3
2017-06-05 19:24:20: Change detected [0]: t=Created path=/Day_4/4.3/----
2017-06-05 19:24:20: Change detected [0]: t=Created path=/Day_4/4.3/---- - 2
2017-06-05 19:24:20: Change detected [0]: t=Created path=/Day_4/4.3/---- - 3
2017-06-05 19:24:20: Change detected [0]: t=Created path=/Day_4/4.3/---- - 4
2017-06-05 19:24:20: Change detected [0]: t=Created path=/Day_4/4.4
2017-06-05 19:24:20: Change detected [0]: t=Created path=/Day_4/4.4/----
2017-06-05 19:24:20: Change detected [0]: t=Created path=/Day_4/4.4/---- - 2
2017-06-05 19:24:20: Change detected [0]: t=Created path=/Day_4/4.4/---- - 3
2017-06-05 19:24:20: Change detected [0]: t=Created path=/Day_4/4.4/---- - 4
2017-06-05 19:24:20: Change detected [0]: t=Created path=/img
2017-06-05 19:24:20: Change detected [0]: t=Created path=/Slides
2017-06-05 19:24:20: Change detected [0]: t=MovedTo path=/___Inbox/ASIST.md
2017-06-05 19:24:20: Change detected [0]: t=MovedTo path=/___Inbox/Basic SmacPy classifier.md
2017-06-05 19:24:20: Change detected [0]: t=MovedTo path=/___Inbox/Create Spectrograms on CLI.md
2017-06-05 19:24:20: Change detected [0]: t=MovedTo path=/___Inbox/Day 1.md
2017-06-05 19:24:20: Change detected [0]: t=MovedTo path=/___Inbox/Evaluate how well pyAudioAnalysis emotion detector does.md
2017-06-05 19:24:20: Change detected [0]: t=MovedTo path=/___Inbox/First task- install ffmpeg properly.md
2017-06-05 19:24:20: Change detected [0]: t=MovedTo path=/___Inbox/HILT Early Outline.md
2017-06-05 19:24:20: Change detected [0]: t=MovedTo path=/___Inbox/HILT Planning Notes.md
2017-06-05 19:24:20: Change detected [0]: t=MovedTo path=/___Inbox/Ideas to Add.txt
2017-06-05 19:24:20: Change detected [0]: t=MovedTo path=/___Inbox/Snippets and ideas.txt
2017-06-05 19:24:20: Change detected [0]: t=MovedTo path=/___Inbox/Untitled.md
2017-06-05 19:24:20: Copy New '/Users/mclaugh/Dropbox/HILT-Audio-ML/___Outside_sources/8-classification.pdf' -> '/Users/mclaugh/Desktop/sharedfolder/HILT-Audio-ML/___Outside_sources/8-classification.pdf'
2017-06-05 19:24:20: Copy New '/Users/mclaugh/Dropbox/HILT-Audio-ML/___Pre-baked data/NBC_Chimes/CBD-440606_NBC0700-News_chime.wav' -> '/Users/mclaugh/Desktop/sharedfolder/HILT-Audio-ML/___Pre-baked data/NBC_Chimes/CBD-440606_NBC0700-News_chime.wav'
2017-06-05 19:24:20: Copy New '/Users/mclaugh/Dropbox/HILT-Audio-ML/___Pre-baked data/NBC_Chimes/CBD-440606_NBC1515-MusicandNews_chime.wav' -> '/Users/mclaugh/Desktop/sharedfolder/HILT-Audio-ML/___Pre-baked data/NBC_Chimes/CBD-440606_NBC1515-MusicandNews_chime.wav'
2017-06-05 19:24:20: Copy New '/Users/mclaugh/Dropbox/HILT-Audio-ML/___Pre-baked data/NBC_Chimes/CBD-440606_NBC1645-NewsandMusic_chime.wav' -> '/Users/mclaugh/Desktop/sharedfolder/HILT-Audio-ML/___Pre-baked data/NBC_Chimes/CBD-440606_NBC1645-NewsandMusic_chime.wav'
2017-06-05 19:24:20: Copy New '/Users/mclaugh/Dropbox/HILT-Audio-ML/___Pre-baked data/NBC_Chimes/CBD-440607_NBC1030-Helpmate_chime.wav' -> '/Users/mclaugh/Desktop/sharedfolder/HILT-Audio-ML/___Pre-baked data/NBC_Chimes/CBD-440607_NBC1030-Helpmate_chime.wav'
2017-06-05 19:24:20: Copy New '/Users/mclaugh/Dropbox/HILT-Audio-ML/___Pre-baked data/NBC_Chimes/CBD-440607_NBC1255-Music_chime.wav' -> '/Users/mclaugh/Desktop/sharedfolder/HILT-Audio-ML/___Pre-baked data/NBC_Chimes/CBD-440607_NBC1255-Music_chime.wav'
2017-06-05 19:24:21: Copy New '/Users/mclaugh/Dropbox/HILT-Audio-ML/___Pre-baked data/NBC_Chimes/CBD-440607_NBC1600-MaryNobleBackstageWife_chime.wav' -> '/Users/mclaugh/Desktop/sharedfolder/HILT-Audio-ML/___Pre-baked data/NBC_Chimes/CBD-440607_NBC1600-MaryNobleBackstageWife_chime.wav'
2017-06-05 19:24:21: Copy New '/Users/mclaugh/Dropbox/HILT-Audio-ML/___Pre-baked data/NBC_Chimes/CBD-440607_NBC1715-WeLoveandLearn_chime.wav' -> '/Users/mclaugh/Desktop/sharedfolder/HILT-Audio-ML/___Pre-baked data/NBC_Chimes/CBD-440607_NBC1715-WeLoveandLearn_chime.wav'
2017-06-05 19:24:21: Copy New '/Users/mclaugh/Dropbox/HILT-Audio-ML/___Pre-baked data/NBC_Chimes/CBD-440607_NBC1745-FrontPageFarrell_chime.wav' -> '/Users/mclaugh/Desktop/sharedfolder/HILT-Audio-ML/___Pre-baked data/NBC_Chimes/CBD-440607_NBC1745-FrontPageFarrell_chime.wav'
2017-06-05 19:24:21: Copy New '/Users/mclaugh/Dropbox/HILT-Audio-ML/___Pre-baked data/NBC_Chimes_test/CBD-440607_NBC0845-ModernRomances_chime.wav' -> '/Users/mclaugh/Desktop/sharedfolder/HILT-Audio-ML/___Pre-baked data/NBC_Chimes_test/CBD-440607_NBC0845-ModernRomances_chime.wav'
2017-06-05 19:24:21: Copy New '/Users/mclaugh/Dropbox/HILT-Audio-ML/___Pre-baked data/NBC_Not_Chimes/CBD-440606_NBC1230-News_start_1080.55_dur_3.0.wav' -> '/Users/mclaugh/Desktop/sharedfolder/HILT-Audio-ML/___Pre-baked data/NBC_Not_Chimes/CBD-440606_NBC1230-News_start_1080.55_dur_3.0.wav'
2017-06-05 19:24:21: Change detected [0]: t=MovedTo path=/___Inbox/Wget.md
2017-06-05 19:24:21: Change detected [0]: t=MovedTo path=/___Outside_sources/8-classification.pdf
2017-06-05 19:24:21: Change detected [0]: t=MovedTo path=/___Pre-baked data/NBC_Chimes/CBD-440606_NBC0700-News_chime.wav
2017-06-05 19:24:21: Change detected [0]: t=MovedTo path=/___Pre-baked data/NBC_Chimes/CBD-440606_NBC1515-MusicandNews_chime.wav
2017-06-05 19:24:21: Change detected [0]: t=MovedTo path=/___Pre-baked data/NBC_Chimes/CBD-440606_NBC1645-NewsandMusic_chime.wav
2017-06-05 19:24:21: Change detected [0]: t=MovedTo path=/___Pre-baked data/NBC_Chimes/CBD-440607_NBC1030-Helpmate_chime.wav
2017-06-05 19:24:21: Change detected [0]: t=MovedTo path=/___Pre-baked data/NBC_Chimes/CBD-440607_NBC1255-Music_chime.wav
2017-06-05 19:24:21: Copy New '/Users/mclaugh/Dropbox/HILT-Audio-ML/___Pre-baked data/NBC_Not_Chimes/CBD-440606_NBC1345-MorganBeatty_start_58.14_dur_3.0.wav' -> '/Users/mclaugh/Desktop/sharedfolder/HILT-Audio-ML/___Pre-baked data/NBC_Not_Chimes/CBD-440606_NBC1345-MorganBeatty_start_58.14_dur_3.0.wav'
2017-06-05 19:24:21: Copy New '/Users/mclaugh/Dropbox/HILT-Audio-ML/___Pre-baked data/NBC_Not_Chimes/CBD-440606_NBC1345-MorganBeatty_start_712.89_dur_3.0.wav' -> '/Users/mclaugh/Desktop/sharedfolder/HILT-Audio-ML/___Pre-baked data/NBC_Not_Chimes/CBD-440606_NBC1345-MorganBeatty_start_712.89_dur_3.0.wav'
2017-06-05 19:24:21: Copy New '/Users/mclaugh/Dropbox/HILT-Audio-ML/___Pre-baked data/NBC_Not_Chimes/CBD-440606_NBC1500-NewsandMusic_start_788.34_dur_3.0.wav' -> '/Users/mclaugh/Desktop/sharedfolder/HILT-Audio-ML/___Pre-baked data/NBC_Not_Chimes/CBD-440606_NBC1500-NewsandMusic_start_788.34_dur_3.0.wav'
2017-06-05 19:24:21: Copy New '/Users/mclaugh/Dropbox/HILT-Audio-ML/___Pre-baked data/NBC_Not_Chimes/CBD-440606_NBC1645-NewsandMusic_start_8.13_dur_3.0.wav' -> '/Users/mclaugh/Desktop/sharedfolder/HILT-Audio-ML/___Pre-baked data/NBC_Not_Chimes/CBD-440606_NBC1645-NewsandMusic_start_8.13_dur_3.0.wav'
2017-06-05 19:24:21: Copy New '/Users/mclaugh/Dropbox/HILT-Audio-ML/___Pre-baked data/NBC_Not_Chimes/CBD-440606_NBC1730-NewsandMusic_start_1380.2_dur_3.0.wav' -> '/Users/mclaugh/Desktop/sharedfolder/HILT-Audio-ML/___Pre-baked data/NBC_Not_Chimes/CBD-440606_NBC1730-NewsandMusic_start_1380.2_dur_3.0.wav'
2017-06-05 19:24:21: Copy New '/Users/mclaugh/Dropbox/HILT-Audio-ML/___Pre-baked data/NBC_Not_Chimes/CBD-440606_NBC2207-FredWaringandthePennsylvanians_start_209.94_dur_3.0.wav' -> '/Users/mclaugh/Desktop/sharedfolder/HILT-Audio-ML/___Pre-baked data/NBC_Not_Chimes/CBD-440606_NBC2207-FredWaringandthePennsylvanians_start_209.94_dur_3.0.wav'
2017-06-05 19:24:21: Copy New '/Users/mclaugh/Dropbox/HILT-Audio-ML/___Pre-baked data/NBC_Not_Chimes/CBD-440606_NBC2330-NewsandMusic_start_441.32_dur_3.0.wav' -> '/Users/mclaugh/Desktop/sharedfolder/HILT-Audio-ML/___Pre-baked data/NBC_Not_Chimes/CBD-440606_NBC2330-NewsandMusic_start_441.32_dur_3.0.wav'
2017-06-05 19:24:21: Copy New '/Users/mclaugh/Dropbox/HILT-Audio-ML/___Pre-baked data/NBC_Not_Chimes/CBD-440607_NBC0100-MomentForMeditation_start_57.51_dur_3.0.wav' -> '/Users/mclaugh/Desktop/sharedfolder/HILT-Audio-ML/___Pre-baked data/NBC_Not_Chimes/CBD-440607_NBC0100-MomentForMeditation_start_57.51_dur_3.0.wav'
2017-06-05 19:24:21: Copy New '/Users/mclaugh/Dropbox/HILT-Audio-ML/___Pre-baked data/NBC_Not_Chimes/CBD-440607_NBC0300-Music_start_80.6_dur_3.0.wav' -> '/Users/mclaugh/Desktop/sharedfolder/HILT-Audio-ML/___Pre-baked data/NBC_Not_Chimes/CBD-440607_NBC0300-Music_start_80.6_dur_3.0.wav'
2017-06-05 19:24:21: Copy New '/Users/mclaugh/Dropbox/HILT-Audio-ML/___Pre-baked data/NBC_Not_Chimes/CBD-440607_NBC0630-ModernFarmerProgram_start_1025.84_dur_3.0.wav' -> '/Users/mclaugh/Desktop/sharedfolder/HILT-Audio-ML/___Pre-baked data/NBC_Not_Chimes/CBD-440607_NBC0630-ModernFarmerProgram_start_1025.84_dur_3.0.wav'
2017-06-05 19:24:21: Copy New '/Users/mclaugh/Dropbox/HILT-Audio-ML/___Pre-baked data/NBC_Not_Chimes/CBD-440607_NBC0745-ReveilleRound-Up_start_450.98_dur_3.0.wav' -> '/Users/mclaugh/Desktop/sharedfolder/HILT-Audio-ML/___Pre-baked data/NBC_Not_Chimes/CBD-440607_NBC0745-ReveilleRound-Up_start_450.98_dur_3.0.wav'
2017-06-05 19:24:21: Copy New '/Users/mclaugh/Dropbox/HILT-Audio-ML/___Pre-baked data/NBC_Not_Chimes/CBD-440607_NBC0930-AdelaideHawley_start_108.35_dur_3.0.wav' -> '/Users/mclaugh/Desktop/sharedfolder/HILT-Audio-ML/___Pre-baked data/NBC_Not_Chimes/CBD-440607_NBC0930-AdelaideHawley_start_108.35_dur_3.0.wav'
2017-06-05 19:24:21: Copy New '/Users/mclaugh/Dropbox/HILT-Audio-ML/___Pre-baked data/NBC_Not_Chimes/CBD-440607_NBC1115-VicandSade_start_583.83_dur_3.0.wav' -> '/Users/mclaugh/Desktop/sharedfolder/HILT-Audio-ML/___Pre-baked data/NBC_Not_Chimes/CBD-440607_NBC1115-VicandSade_start_583.83_dur_3.0.wav'
2017-06-05 19:24:21: Copy New '/Users/mclaugh/Dropbox/HILT-Audio-ML/___Pre-baked data/NBC_Not_Chimes/CBD-440607_NBC1230-News_start_945.26_dur_3.0.wav' -> '/Users/mclaugh/Desktop/sharedfolder/HILT-Audio-ML/___Pre-baked data/NBC_Not_Chimes/CBD-440607_NBC1230-News_start_945.26_dur_3.0.wav'
2017-06-05 19:24:21: Copy New '/Users/mclaugh/Dropbox/HILT-Audio-ML/___Pre-baked data/NBC_Not_Chimes/CBD-440607_NBC1445-HymnsOfAllChurches_start_269.81_dur_3.0.wav' -> '/Users/mclaugh/Desktop/sharedfolder/HILT-Audio-ML/___Pre-baked data/NBC_Not_Chimes/CBD-440607_NBC1445-HymnsOfAllChurches_start_269.81_dur_3.0.wav'
2017-06-05 19:24:21: Copy New '/Users/mclaugh/Dropbox/HILT-Audio-ML/___Pre-baked data/NBC_Not_Chimes/CBD-440607_NBC1630-LorenzoJones_start_318.05_dur_3.0.wav' -> '/Users/mclaugh/Desktop/sharedfolder/HILT-Audio-ML/___Pre-baked data/NBC_Not_Chimes/CBD-440607_NBC1630-LorenzoJones_start_318.05_dur_3.0.wav'
2017-06-05 19:24:21: Copy New '/Users/mclaugh/Dropbox/HILT-Audio-ML/___Pre-baked data/NBC_Not_Chimes/CBD-440607_NBC1700-WhenAGirlMarries_start_566.65_dur_3.0.wav' -> '/Users/mclaugh/Desktop/sharedfolder/HILT-Audio-ML/___Pre-baked data/NBC_Not_Chimes/CBD-440607_NBC1700-WhenAGirlMarries_start_566.65_dur_3.0.wav'
2017-06-05 19:24:21: Copy New '/Users/mclaugh/Dropbox/HILT-Audio-ML/___Pre-baked data/NBC_Not_Chimes_test/CBD-440606_NBC1945-HVKaltenborn_start_775.68_dur_3.0.wav' -> '/Users/mclaugh/Desktop/sharedfolder/HILT-Audio-ML/___Pre-baked data/NBC_Not_Chimes_test/CBD-440606_NBC1945-HVKaltenborn_start_775.68_dur_3.0.wav'
2017-06-05 19:24:21: Copy New '/Users/mclaugh/Dropbox/HILT-Audio-ML/___Pre-baked data/sample_audio/01_sine_440.wav' -> '/Users/mclaugh/Desktop/sharedfolder/HILT-Audio-ML/___Pre-baked data/sample_audio/01_sine_440.wav'
2017-06-05 19:24:21: Copy New '/Users/mclaugh/Dropbox/HILT-Audio-ML/___Pre-baked data/sample_audio/02_CBD-440607_NBC1600-MaryNobleBackstageWife_chime.wav' -> '/Users/mclaugh/Desktop/sharedfolder/HILT-Audio-ML/___Pre-baked data/sample_audio/02_CBD-440607_NBC1600-MaryNobleBackstageWife_chime.wav'
2017-06-05 19:24:21: Copy New '/Users/mclaugh/Dropbox/HILT-Audio-ML/___Pre-baked data/sample_audio/03_357305__mtg__clarinet-f-major.wav' -> '/Users/mclaugh/Desktop/sharedfolder/HILT-Audio-ML/___Pre-baked data/sample_audio/03_357305__mtg__clarinet-f-major.wav'
2017-06-05 19:24:21: Copy New '/Users/mclaugh/Dropbox/HILT-Audio-ML/___Pre-baked data/sample_audio/04_brassproject_patteson.mp3' -> '/Users/mclaugh/Desktop/sharedfolder/HILT-Audio-ML/___Pre-baked data/sample_audio/04_brassproject_patteson.mp3'
2017-06-05 19:24:22: Copy New '/Users/mclaugh/Dropbox/HILT-Audio-ML/___Pre-baked data/sample_audio/05_Ravel_Bolero_Andre_Rieu.mp3' -> '/Users/mclaugh/Desktop/sharedfolder/HILT-Audio-ML/___Pre-baked data/sample_audio/05_Ravel_Bolero_Andre_Rieu.mp3'
2017-06-05 19:24:22: Copy New '/Users/mclaugh/Dropbox/HILT-Audio-ML/___Pre-baked data/sample_audio/06_Amen_Break_-_normal_fast_and_slow_version-qwQLk7NcpO4.wav' -> '/Users/mclaugh/Desktop/sharedfolder/HILT-Audio-ML/___Pre-baked data/sample_audio/06_Amen_Break_-_normal_fast_and_slow_version-qwQLk7NcpO4.wav'
2017-06-05 19:24:22: Copy New '/Users/mclaugh/Dropbox/HILT-Audio-ML/___Pre-baked data/sample_audio/07_acoustic-kick.wav' -> '/Users/mclaugh/Desktop/sharedfolder/HILT-Audio-ML/___Pre-baked data/sample_audio/07_acoustic-kick.wav'
2017-06-05 19:24:22: Copy New '/Users/mclaugh/Dropbox/HILT-Audio-ML/___Pre-baked data/sample_audio/08_Spinee - Save Me-157140751.mp3' -> '/Users/mclaugh/Desktop/sharedfolder/HILT-Audio-ML/___Pre-baked data/sample_audio/08_Spinee - Save Me-157140751.mp3'
2017-06-05 19:24:22: Change detected [0]: t=MovedTo path=/___Pre-baked data/NBC_Chimes/CBD-440607_NBC1600-MaryNobleBackstageWife_chime.wav
2017-06-05 19:24:22: Change detected [0]: t=MovedTo path=/___Pre-baked data/NBC_Chimes/CBD-440607_NBC1715-WeLoveandLearn_chime.wav
2017-06-05 19:24:22: Change detected [0]: t=MovedTo path=/___Pre-baked data/NBC_Chimes/CBD-440607_NBC1745-FrontPageFarrell_chime.wav
2017-06-05 19:24:22: Change detected [0]: t=MovedTo path=/___Pre-baked data/NBC_Chimes_test/CBD-440607_NBC0845-ModernRomances_chime.wav
2017-06-05 19:24:22: Change detected [0]: t=MovedTo path=/___Pre-baked data/NBC_Not_Chimes/CBD-440606_NBC1230-News_start_1080.55_dur_3.0.wav
2017-06-05 19:24:22: Change detected [0]: t=MovedTo path=/___Pre-baked data/NBC_Not_Chimes/CBD-440606_NBC1345-MorganBeatty_start_58.14_dur_3.0.wav
2017-06-05 19:24:22: Change detected [0]: t=MovedTo path=/___Pre-baked data/NBC_Not_Chimes/CBD-440606_NBC1345-MorganBeatty_start_712.89_dur_3.0.wav
2017-06-05 19:24:22: Change detected [0]: t=MovedTo path=/___Pre-baked data/NBC_Not_Chimes/CBD-440606_NBC1500-NewsandMusic_start_788.34_dur_3.0.wav
2017-06-05 19:24:22: Change detected [0]: t=MovedTo path=/___Pre-baked data/NBC_Not_Chimes/CBD-440606_NBC1645-NewsandMusic_start_8.13_dur_3.0.wav
2017-06-05 19:24:22: Change detected [0]: t=MovedTo path=/___Pre-baked data/NBC_Not_Chimes/CBD-440606_NBC1730-NewsandMusic_start_1380.2_dur_3.0.wav
2017-06-05 19:24:22: Change detected [0]: t=MovedTo path=/___Pre-baked data/NBC_Not_Chimes/CBD-440606_NBC2207-FredWaringandthePennsylvanians_start_209.94_dur_3.0.wav
2017-06-05 19:24:22: Change detected [0]: t=MovedTo path=/___Pre-baked data/NBC_Not_Chimes/CBD-440606_NBC2330-NewsandMusic_start_441.32_dur_3.0.wav
2017-06-05 19:24:22: Change detected [0]: t=MovedTo path=/___Pre-baked data/NBC_Not_Chimes/CBD-440607_NBC0100-MomentForMeditation_start_57.51_dur_3.0.wav
2017-06-05 19:24:22: Change detected [0]: t=MovedTo path=/___Pre-baked data/NBC_Not_Chimes/CBD-440607_NBC0300-Music_start_80.6_dur_3.0.wav
2017-06-05 19:24:22: Change detected [0]: t=MovedTo path=/___Pre-baked data/NBC_Not_Chimes/CBD-440607_NBC0630-ModernFarmerProgram_start_1025.84_dur_3.0.wav
2017-06-05 19:24:22: Change detected [0]: t=MovedTo path=/___Pre-baked data/NBC_Not_Chimes/CBD-440607_NBC0745-ReveilleRound-Up_start_450.98_dur_3.0.wav
2017-06-05 19:24:22: Change detected [0]: t=MovedTo path=/___Pre-baked data/NBC_Not_Chimes/CBD-440607_NBC0930-AdelaideHawley_start_108.35_dur_3.0.wav
2017-06-05 19:24:22: Change detected [0]: t=MovedTo path=/___Pre-baked data/NBC_Not_Chimes/CBD-440607_NBC1115-VicandSade_start_583.83_dur_3.0.wav
2017-06-05 19:24:22: Change detected [0]: t=MovedTo path=/___Pre-baked data/NBC_Not_Chimes/CBD-440607_NBC1230-News_start_945.26_dur_3.0.wav
2017-06-05 19:24:22: Copy New '/Users/mclaugh/Dropbox/HILT-Audio-ML/___Pre-baked data/sample_audio/09_Creeley-Robert_23_The-Warning_Chicago_5-15-61.wav' -> '/Users/mclaugh/Desktop/sharedfolder/HILT-Audio-ML/___Pre-baked data/sample_audio/09_Creeley-Robert_23_The-Warning_Chicago_5-15-61.wav'
2017-06-05 19:24:22: Change detected [0]: t=MovedTo path=/___Pre-baked data/NBC_Not_Chimes/CBD-440607_NBC1445-HymnsOfAllChurches_start_269.81_dur_3.0.wav
2017-06-05 19:24:22: Change detected [0]: t=MovedTo path=/___Pre-baked data/NBC_Not_Chimes/CBD-440607_NBC1630-LorenzoJones_start_318.05_dur_3.0.wav
2017-06-05 19:24:22: Change detected [0]: t=MovedTo path=/___Pre-baked data/NBC_Not_Chimes/CBD-440607_NBC1700-WhenAGirlMarries_start_566.65_dur_3.0.wav
2017-06-05 19:24:22: Change detected [0]: t=MovedTo path=/___Pre-baked data/NBC_Not_Chimes_test/CBD-440606_NBC1945-HVKaltenborn_start_775.68_dur_3.0.wav
2017-06-05 19:24:22: Change detected [0]: t=MovedTo path=/___Pre-baked data/sample_audio/01_sine_440.wav
2017-06-05 19:24:22: Change detected [0]: t=MovedTo path=/___Pre-baked data/sample_audio/02_CBD-440607_NBC1600-MaryNobleBackstageWife_chime.wav
2017-06-05 19:24:22: Change detected [0]: t=MovedTo path=/___Pre-baked data/sample_audio/03_357305__mtg__clarinet-f-major.wav
2017-06-05 19:24:22: Change detected [0]: t=MovedTo path=/___Pre-baked data/sample_audio/04_brassproject_patteson.mp3
2017-06-05 19:24:22: Copy New '/Users/mclaugh/Dropbox/HILT-Audio-ML/___Pre-baked data/sample_audio/10_Creeley_Company_supercut.mp3' -> '/Users/mclaugh/Desktop/sharedfolder/HILT-Audio-ML/___Pre-baked data/sample_audio/10_Creeley_Company_supercut.mp3'
2017-06-05 19:24:22: Copy New '/Users/mclaugh/Dropbox/HILT-Audio-ML/___Pre-baked data/sample_audio/11_OSullivan-Maggie_10_Lottery-&-Requiem_States-of-Emergency_Rockdrill-11_05.mp3' -> '/Users/mclaugh/Desktop/sharedfolder/HILT-Audio-ML/___Pre-baked data/sample_audio/11_OSullivan-Maggie_10_Lottery-&-Requiem_States-of-Emergency_Rockdrill-11_05.mp3'
2017-06-05 19:24:22: Copy New '/Users/mclaugh/Dropbox/HILT-Audio-ML/___Pre-baked data/sample_audio/12_Mi-Kim-Myung_The-Oceans-Held-Up-a-Snarling-Dog_Segue-ZINC_2-20-16.mp3' -> '/Users/mclaugh/Desktop/sharedfolder/HILT-Audio-ML/___Pre-baked data/sample_audio/12_Mi-Kim-Myung_The-Oceans-Held-Up-a-Snarling-Dog_Segue-ZINC_2-20-16.mp3'
2017-06-05 19:24:22: Copy New '/Users/mclaugh/Dropbox/HILT-Audio-ML/___Pre-baked data/sample_audio/13_Myles - Philly ICA - 2010 - interstitial.mp3' -> '/Users/mclaugh/Desktop/sharedfolder/HILT-Audio-ML/___Pre-baked data/sample_audio/13_Myles - Philly ICA - 2010 - interstitial.mp3'
2017-06-05 19:24:22: Copy New '/Users/mclaugh/Dropbox/HILT-Audio-ML/___Pre-baked data/sample_audio/14_CBD-440606_NBC0500-News.annotations.csv' -> '/Users/mclaugh/Desktop/sharedfolder/HILT-Audio-ML/___Pre-baked data/sample_audio/14_CBD-440606_NBC0500-News.annotations.csv'
2017-06-05 19:24:23: Copy New '/Users/mclaugh/Dropbox/HILT-Audio-ML/___Pre-baked data/sample_audio/14_CBD-440606_NBC0500-News.mp3' -> '/Users/mclaugh/Desktop/sharedfolder/HILT-Audio-ML/___Pre-baked data/sample_audio/14_CBD-440606_NBC0500-News.mp3'
2017-06-05 19:24:23: Copy New '/Users/mclaugh/Dropbox/HILT-Audio-ML/___Pre-baked data/sample_audio/15_square_150.wav' -> '/Users/mclaugh/Desktop/sharedfolder/HILT-Audio-ML/___Pre-baked data/sample_audio/15_square_150.wav'
2017-06-05 19:24:23: Change detected [0]: t=MovedTo path=/___Pre-baked data/sample_audio/05_Ravel_Bolero_Andre_Rieu.mp3
2017-06-05 19:24:23: Change detected [0]: t=MovedTo path=/___Pre-baked data/sample_audio/06_Amen_Break_-_normal_fast_and_slow_version-qwQLk7NcpO4.wav
2017-06-05 19:24:23: Change detected [0]: t=MovedTo path=/___Pre-baked data/sample_audio/07_acoustic-kick.wav
2017-06-05 19:24:23: Change detected [0]: t=MovedTo path=/___Pre-baked data/sample_audio/08_Spinee - Save Me-157140751.mp3
2017-06-05 19:24:23: Change detected [0]: t=MovedTo path=/___Pre-baked data/sample_audio/09_Creeley-Robert_23_The-Warning_Chicago_5-15-61.wav
2017-06-05 19:24:23: Change detected [0]: t=MovedTo path=/___Pre-baked data/sample_audio/10_Creeley_Company_supercut.mp3
2017-06-05 19:24:23: Change detected [0]: t=MovedTo path=/___Pre-baked data/sample_audio/11_OSullivan-Maggie_10_Lottery-&-Requiem_States-of-Emergency_Rockdrill-11_05.mp3
2017-06-05 19:24:23: Change detected [0]: t=MovedTo path=/___Pre-baked data/sample_audio/12_Mi-Kim-Myung_The-Oceans-Held-Up-a-Snarling-Dog_Segue-ZINC_2-20-16.mp3
2017-06-05 19:24:23: Change detected [0]: t=MovedTo path=/___Pre-baked data/sample_audio/13_Myles - Philly ICA - 2010 - interstitial.mp3
2017-06-05 19:24:23: Change detected [0]: t=MovedTo path=/___Pre-baked data/sample_audio/14_CBD-440606_NBC0500-News.annotations.csv
2017-06-05 19:24:23: Change detected [0]: t=MovedTo path=/___Pre-baked data/sample_audio/14_CBD-440606_NBC0500-News.mp3
2017-06-05 19:24:23: Change detected [0]: t=MovedTo path=/___Pre-baked data/sample_audio/15_square_150.wav
2017-06-05 19:24:23: Copy New '/Users/mclaugh/Dropbox/HILT-Audio-ML/___Pre-baked data/sample_audio.zip' -> '/Users/mclaugh/Desktop/sharedfolder/HILT-Audio-ML/___Pre-baked data/sample_audio.zip'
2017-06-05 19:24:23: Copy New '/Users/mclaugh/Dropbox/HILT-Audio-ML/___Readings/Morris Kline 1985 - Sound chapters.pdf' -> '/Users/mclaugh/Desktop/sharedfolder/HILT-Audio-ML/___Readings/Morris Kline 1985 - Sound chapters.pdf'
2017-06-05 19:24:23: Copy New '/Users/mclaugh/Dropbox/HILT-Audio-ML/___students.md' -> '/Users/mclaugh/Desktop/sharedfolder/HILT-Audio-ML/___students.md'
2017-06-05 19:24:23: Copy New '/Users/mclaugh/Dropbox/HILT-Audio-ML/_config.yml' -> '/Users/mclaugh/Desktop/sharedfolder/HILT-Audio-ML/_config.yml'
2017-06-05 19:24:23: Copy New '/Users/mclaugh/Dropbox/HILT-Audio-ML/Audio_sources.md' -> '/Users/mclaugh/Desktop/sharedfolder/HILT-Audio-ML/Audio_sources.md'
2017-06-05 19:24:24: Copy New '/Users/mclaugh/Dropbox/HILT-Audio-ML/Day_1/1.1.md' -> '/Users/mclaugh/Desktop/sharedfolder/HILT-Audio-ML/Day_1/1.1.md'
2017-06-05 19:24:24: Copy New '/Users/mclaugh/Dropbox/HILT-Audio-ML/Day_1/1.2.md' -> '/Users/mclaugh/Desktop/sharedfolder/HILT-Audio-ML/Day_1/1.2.md'
2017-06-05 19:24:24: Copy New '/Users/mclaugh/Dropbox/HILT-Audio-ML/Day_1/1.3.md' -> '/Users/mclaugh/Desktop/sharedfolder/HILT-Audio-ML/Day_1/1.3.md'
2017-06-05 19:24:24: Copy New '/Users/mclaugh/Dropbox/HILT-Audio-ML/Day_1/1.4.md' -> '/Users/mclaugh/Desktop/sharedfolder/HILT-Audio-ML/Day_1/1.4.md'
2017-06-05 19:24:24: Copy New '/Users/mclaugh/Dropbox/HILT-Audio-ML/Day_1/1.5.md' -> '/Users/mclaugh/Desktop/sharedfolder/HILT-Audio-ML/Day_1/1.5.md'
2017-06-05 19:24:24: Copy New '/Users/mclaugh/Dropbox/HILT-Audio-ML/Day_1/1.6.md' -> '/Users/mclaugh/Desktop/sharedfolder/HILT-Audio-ML/Day_1/1.6.md'
2017-06-05 19:24:24: Copy New '/Users/mclaugh/Dropbox/HILT-Audio-ML/Day_1/1.7.md' -> '/Users/mclaugh/Desktop/sharedfolder/HILT-Audio-ML/Day_1/1.7.md'
2017-06-05 19:24:24: Copy New '/Users/mclaugh/Dropbox/HILT-Audio-ML/Day_1/1.7_Python_Introduction.ipynb' -> '/Users/mclaugh/Desktop/sharedfolder/HILT-Audio-ML/Day_1/1.7_Python_Introduction.ipynb'
2017-06-05 19:24:24: Copy New '/Users/mclaugh/Dropbox/HILT-Audio-ML/Day_1/1.8.md' -> '/Users/mclaugh/Desktop/sharedfolder/HILT-Audio-ML/Day_1/1.8.md'
2017-06-05 19:24:24: Copy New '/Users/mclaugh/Dropbox/HILT-Audio-ML/Day_1/1.8_Plotting_frequency_and_MFCCs_with_Librosa.ipynb' -> '/Users/mclaugh/Desktop/sharedfolder/HILT-Audio-ML/Day_1/1.8_Plotting_frequency_and_MFCCs_with_Librosa.ipynb'
2017-06-05 19:24:24: Copy New '/Users/mclaugh/Dropbox/HILT-Audio-ML/Day_1/1.9.md' -> '/Users/mclaugh/Desktop/sharedfolder/HILT-Audio-ML/Day_1/1.9.md'
2017-06-05 19:24:24: Copy New '/Users/mclaugh/Dropbox/HILT-Audio-ML/Day_1/img/cli01.png' -> '/Users/mclaugh/Desktop/sharedfolder/HILT-Audio-ML/Day_1/img/cli01.png'
2017-06-05 19:24:24: Copy New '/Users/mclaugh/Dropbox/HILT-Audio-ML/Day_1/img/cli02.png' -> '/Users/mclaugh/Desktop/sharedfolder/HILT-Audio-ML/Day_1/img/cli02.png'
2017-06-05 19:24:24: Copy New '/Users/mclaugh/Dropbox/HILT-Audio-ML/Day_1/img/cli03.png' -> '/Users/mclaugh/Desktop/sharedfolder/HILT-Audio-ML/Day_1/img/cli03.png'
2017-06-05 19:24:24: Copy New '/Users/mclaugh/Dropbox/HILT-Audio-ML/Day_1/img/cli04.png' -> '/Users/mclaugh/Desktop/sharedfolder/HILT-Audio-ML/Day_1/img/cli04.png'
2017-06-05 19:24:24: Copy New '/Users/mclaugh/Dropbox/HILT-Audio-ML/Day_1/img/cli05.png' -> '/Users/mclaugh/Desktop/sharedfolder/HILT-Audio-ML/Day_1/img/cli05.png'
2017-06-05 19:24:24: Copy New '/Users/mclaugh/Dropbox/HILT-Audio-ML/Day_1/img/cli06.png' -> '/Users/mclaugh/Desktop/sharedfolder/HILT-Audio-ML/Day_1/img/cli06.png'
2017-06-05 19:24:24: Copy New '/Users/mclaugh/Dropbox/HILT-Audio-ML/Day_1/img/cli07.png' -> '/Users/mclaugh/Desktop/sharedfolder/HILT-Audio-ML/Day_1/img/cli07.png'
2017-06-05 19:24:24: Copy New '/Users/mclaugh/Dropbox/HILT-Audio-ML/Day_1/img_presentation/2000px-Fourier_Series.svg.png' -> '/Users/mclaugh/Desktop/sharedfolder/HILT-Audio-ML/Day_1/img_presentation/2000px-Fourier_Series.svg.png'
2017-06-05 19:24:24: Copy New '/Users/mclaugh/Dropbox/HILT-Audio-ML/Day_1/img_presentation/2000px-Harmonic_partials_on_strings.svg.png' -> '/Users/mclaugh/Desktop/sharedfolder/HILT-Audio-ML/Day_1/img_presentation/2000px-Harmonic_partials_on_strings.svg.png'
2017-06-05 19:24:24: Copy New '/Users/mclaugh/Dropbox/HILT-Audio-ML/Day_1/img_presentation/2000px-Sine_wave_amplitude.svg.png' -> '/Users/mclaugh/Desktop/sharedfolder/HILT-Audio-ML/Day_1/img_presentation/2000px-Sine_wave_amplitude.svg.png'
2017-06-05 19:24:24: Copy New '/Users/mclaugh/Dropbox/HILT-Audio-ML/Day_1/img_presentation/2000px-Square_Wave_Fourier_Series.svg.png' -> '/Users/mclaugh/Desktop/sharedfolder/HILT-Audio-ML/Day_1/img_presentation/2000px-Square_Wave_Fourier_Series.svg.png'
2017-06-05 19:24:24: Copy New '/Users/mclaugh/Dropbox/HILT-Audio-ML/Day_1/img_presentation/Adding_waves.png' -> '/Users/mclaugh/Desktop/sharedfolder/HILT-Audio-ML/Day_1/img_presentation/Adding_waves.png'
2017-06-05 19:24:24: Copy New '/Users/mclaugh/Dropbox/HILT-Audio-ML/Day_1/img_presentation/Adding_waves_spectrogram.png' -> '/Users/mclaugh/Desktop/sharedfolder/HILT-Audio-ML/Day_1/img_presentation/Adding_waves_spectrogram.png'
2017-06-05 19:24:24: Copy New '/Users/mclaugh/Dropbox/HILT-Audio-ML/Day_1/img_presentation/Handel_1989_p26_spectrograms.png' -> '/Users/mclaugh/Desktop/sharedfolder/HILT-Audio-ML/Day_1/img_presentation/Handel_1989_p26_spectrograms.png'
2017-06-05 19:24:24: Copy New '/Users/mclaugh/Dropbox/HILT-Audio-ML/Day_1/img_presentation/Handel_1989_p28.png' -> '/Users/mclaugh/Desktop/sharedfolder/HILT-Audio-ML/Day_1/img_presentation/Handel_1989_p28.png'
2017-06-05 19:24:24: Copy New '/Users/mclaugh/Dropbox/HILT-Audio-ML/Day_1/img_presentation/Kline_1985_p430.png' -> '/Users/mclaugh/Desktop/sharedfolder/HILT-Audio-ML/Day_1/img_presentation/Kline_1985_p430.png'
2017-06-05 19:24:24: Copy New '/Users/mclaugh/Dropbox/HILT-Audio-ML/Day_1/img_presentation/Kline_1985_p439.png' -> '/Users/mclaugh/Desktop/sharedfolder/HILT-Audio-ML/Day_1/img_presentation/Kline_1985_p439.png'
2017-06-05 19:24:24: Copy New '/Users/mclaugh/Dropbox/HILT-Audio-ML/Day_1/img_presentation/Kline_1985_p440.png' -> '/Users/mclaugh/Desktop/sharedfolder/HILT-Audio-ML/Day_1/img_presentation/Kline_1985_p440.png'
2017-06-05 19:24:24: Copy New '/Users/mclaugh/Dropbox/HILT-Audio-ML/Day_1/img_presentation/Pohlmann_2011_p22_sampling.png' -> '/Users/mclaugh/Desktop/sharedfolder/HILT-Audio-ML/Day_1/img_presentation/Pohlmann_2011_p22_sampling.png'
2017-06-05 19:24:24: Copy New '/Users/mclaugh/Dropbox/HILT-Audio-ML/Day_1/img_presentation/Pohlmann_2011_p26_aliasing.png' -> '/Users/mclaugh/Desktop/sharedfolder/HILT-Audio-ML/Day_1/img_presentation/Pohlmann_2011_p26_aliasing.png'
2017-06-05 19:24:24: Copy New '/Users/mclaugh/Dropbox/HILT-Audio-ML/Day_1/img_presentation/Pohlmann_2011_p94.png' -> '/Users/mclaugh/Desktop/sharedfolder/HILT-Audio-ML/Day_1/img_presentation/Pohlmann_2011_p94.png'
2017-06-05 19:24:24: Copy New '/Users/mclaugh/Dropbox/HILT-Audio-ML/Day_2/2.1.md' -> '/Users/mclaugh/Desktop/sharedfolder/HILT-Audio-ML/Day_2/2.1.md'
2017-06-05 19:24:24: Copy New '/Users/mclaugh/Dropbox/HILT-Audio-ML/Day_2/2.2 Simple KNN Chime Classifier.ipynb' -> '/Users/mclaugh/Desktop/sharedfolder/HILT-Audio-ML/Day_2/2.2 Simple KNN Chime Classifier.ipynb'
2017-06-05 19:24:24: Copy New '/Users/mclaugh/Dropbox/HILT-Audio-ML/Day_2/2.2.md' -> '/Users/mclaugh/Desktop/sharedfolder/HILT-Audio-ML/Day_2/2.2.md'
2017-06-05 19:24:24: Copy New '/Users/mclaugh/Dropbox/HILT-Audio-ML/Day_2/2.3.md' -> '/Users/mclaugh/Desktop/sharedfolder/HILT-Audio-ML/Day_2/2.3.md'
2017-06-05 19:24:24: Copy New '/Users/mclaugh/Dropbox/HILT-Audio-ML/Day_2/2.4.md' -> '/Users/mclaugh/Desktop/sharedfolder/HILT-Audio-ML/Day_2/2.4.md'
2017-06-05 19:24:24: Copy New '/Users/mclaugh/Dropbox/HILT-Audio-ML/Day_2/2.5.md' -> '/Users/mclaugh/Desktop/sharedfolder/HILT-Audio-ML/Day_2/2.5.md'
2017-06-05 19:24:24: Copy New '/Users/mclaugh/Dropbox/HILT-Audio-ML/Day_2/Find_and_play_applause.ipynb' -> '/Users/mclaugh/Desktop/sharedfolder/HILT-Audio-ML/Day_2/Find_and_play_applause.ipynb'
2017-06-05 19:24:24: Copy New '/Users/mclaugh/Dropbox/HILT-Audio-ML/Day_2/Find_and_Play_NBC_Chimes.ipynb' -> '/Users/mclaugh/Desktop/sharedfolder/HILT-Audio-ML/Day_2/Find_and_Play_NBC_Chimes.ipynb'
2017-06-05 19:24:24: Copy New '/Users/mclaugh/Dropbox/HILT-Audio-ML/Day_2/img/img01.png' -> '/Users/mclaugh/Desktop/sharedfolder/HILT-Audio-ML/Day_2/img/img01.png'
2017-06-05 19:24:24: Copy New '/Users/mclaugh/Dropbox/HILT-Audio-ML/Day_2/img/img02.png' -> '/Users/mclaugh/Desktop/sharedfolder/HILT-Audio-ML/Day_2/img/img02.png'
2017-06-05 19:24:24: Copy New '/Users/mclaugh/Dropbox/HILT-Audio-ML/Day_2/img/img03.png' -> '/Users/mclaugh/Desktop/sharedfolder/HILT-Audio-ML/Day_2/img/img03.png'
2017-06-05 19:24:24: Copy New '/Users/mclaugh/Dropbox/HILT-Audio-ML/Day_2/img/img04.png' -> '/Users/mclaugh/Desktop/sharedfolder/HILT-Audio-ML/Day_2/img/img04.png'
2017-06-05 19:24:24: Copy New '/Users/mclaugh/Dropbox/HILT-Audio-ML/Day_2/img/img05.png' -> '/Users/mclaugh/Desktop/sharedfolder/HILT-Audio-ML/Day_2/img/img05.png'
2017-06-05 19:24:24: Copy New '/Users/mclaugh/Dropbox/HILT-Audio-ML/Day_2/img/img06.png' -> '/Users/mclaugh/Desktop/sharedfolder/HILT-Audio-ML/Day_2/img/img06.png'
2017-06-05 19:24:24: Copy New '/Users/mclaugh/Dropbox/HILT-Audio-ML/Day_2/img_presentation/svm1_Grus-2015_p197.png' -> '/Users/mclaugh/Desktop/sharedfolder/HILT-Audio-ML/Day_2/img_presentation/svm1_Grus-2015_p197.png'
2017-06-05 19:24:24: Copy New '/Users/mclaugh/Dropbox/HILT-Audio-ML/Day_2/img_presentation/svm2_Grus-2015_p198.png' -> '/Users/mclaugh/Desktop/sharedfolder/HILT-Audio-ML/Day_2/img_presentation/svm2_Grus-2015_p198.png'
2017-06-05 19:24:24: Copy New '/Users/mclaugh/Dropbox/HILT-Audio-ML/Day_2/img_presentation/xkcd_here_to_help.png' -> '/Users/mclaugh/Desktop/sharedfolder/HILT-Audio-ML/Day_2/img_presentation/xkcd_here_to_help.png'
2017-06-05 19:24:24: Copy New '/Users/mclaugh/Dropbox/HILT-Audio-ML/Day_2/NBC_Chimes/01 Tag and Extract Chimes.md' -> '/Users/mclaugh/Desktop/sharedfolder/HILT-Audio-ML/Day_2/NBC_Chimes/01 Tag and Extract Chimes.md'
2017-06-05 19:24:24: Change detected [0]: t=MovedTo path=/___Pre-baked data/sample_audio.zip
2017-06-05 19:24:24: Change detected [0]: t=MovedTo path=/___Readings/Morris Kline 1985 - Sound chapters.pdf
2017-06-05 19:24:24: Change detected [0]: t=MovedTo path=/___students.md
2017-06-05 19:24:24: Change detected [0]: t=MovedTo path=/_config.yml
2017-06-05 19:24:24: Change detected [0]: t=MovedTo path=/Audio_sources.md
2017-06-05 19:24:24: Change detected [0]: t=MovedTo path=/Day_1/1.1.md
2017-06-05 19:24:24: Change detected [0]: t=MovedTo path=/Day_1/1.2.md
2017-06-05 19:24:24: Change detected [0]: t=MovedTo path=/Day_1/1.3.md
2017-06-05 19:24:24: Change detected [0]: t=MovedTo path=/Day_1/1.4.md
2017-06-05 19:24:24: Change detected [0]: t=MovedTo path=/Day_1/1.5.md
2017-06-05 19:24:24: Change detected [0]: t=MovedTo path=/Day_1/1.6.md
2017-06-05 19:24:24: Change detected [0]: t=MovedTo path=/Day_1/1.7.md
2017-06-05 19:24:24: Change detected [0]: t=MovedTo path=/Day_1/1.7_Python_Introduction.ipynb
2017-06-05 19:24:24: Change detected [0]: t=MovedTo path=/Day_1/1.8.md
2017-06-05 19:24:24: Change detected [0]: t=MovedTo path=/Day_1/1.8_Plotting_frequency_and_MFCCs_with_Librosa.ipynb
2017-06-05 19:24:24: Change detected [0]: t=MovedTo path=/Day_1/1.9.md
2017-06-05 19:24:24: Change detected [0]: t=MovedTo path=/Day_1/img/cli01.png
2017-06-05 19:24:24: Change detected [0]: t=MovedTo path=/Day_1/img/cli02.png
2017-06-05 19:24:24: Change detected [0]: t=MovedTo path=/Day_1/img/cli03.png
2017-06-05 19:24:24: Change detected [0]: t=MovedTo path=/Day_1/img/cli04.png
2017-06-05 19:24:24: Change detected [0]: t=MovedTo path=/Day_1/img/cli05.png
2017-06-05 19:24:24: Change detected [0]: t=MovedTo path=/Day_1/img/cli06.png
2017-06-05 19:24:24: Change detected [0]: t=MovedTo path=/Day_1/img/cli07.png
2017-06-05 19:24:24: Change detected [0]: t=MovedTo path=/Day_1/img_presentation/2000px-Fourier_Series.svg.png
2017-06-05 19:24:24: Change detected [0]: t=MovedTo path=/Day_1/img_presentation/2000px-Harmonic_partials_on_strings.svg.png
2017-06-05 19:24:24: Change detected [0]: t=MovedTo path=/Day_1/img_presentation/2000px-Sine_wave_amplitude.svg.png
2017-06-05 19:24:24: Change detected [0]: t=MovedTo path=/Day_1/img_presentation/2000px-Square_Wave_Fourier_Series.svg.png
2017-06-05 19:24:24: Change detected [0]: t=MovedTo path=/Day_1/img_presentation/Adding_waves.png
2017-06-05 19:24:24: Change detected [0]: t=MovedTo path=/Day_1/img_presentation/Adding_waves_spectrogram.png
2017-06-05 19:24:24: Copy New '/Users/mclaugh/Dropbox/HILT-Audio-ML/Day_2/NBC_Chimes/NBC_Chimes_sample.zip' -> '/Users/mclaugh/Desktop/sharedfolder/HILT-Audio-ML/Day_2/NBC_Chimes/NBC_Chimes_sample.zip'
2017-06-05 19:24:24: Change detected [0]: t=MovedTo path=/Day_1/img_presentation/Handel_1989_p26_spectrograms.png
2017-06-05 19:24:24: Change detected [0]: t=MovedTo path=/Day_1/img_presentation/Handel_1989_p28.png
2017-06-05 19:24:24: Change detected [0]: t=MovedTo path=/Day_1/img_presentation/Kline_1985_p430.png
2017-06-05 19:24:24: Change detected [0]: t=MovedTo path=/Day_1/img_presentation/Kline_1985_p439.png
2017-06-05 19:24:24: Change detected [0]: t=MovedTo path=/Day_1/img_presentation/Kline_1985_p440.png
2017-06-05 19:24:24: Change detected [0]: t=MovedTo path=/Day_1/img_presentation/Pohlmann_2011_p22_sampling.png
2017-06-05 19:24:24: Change detected [0]: t=MovedTo path=/Day_1/img_presentation/Pohlmann_2011_p26_aliasing.png
2017-06-05 19:24:24: Change detected [0]: t=MovedTo path=/Day_1/img_presentation/Pohlmann_2011_p94.png
2017-06-05 19:24:24: Change detected [0]: t=MovedTo path=/Day_2/2.1.md
2017-06-05 19:24:24: Change detected [0]: t=MovedTo path=/Day_2/2.2 Simple KNN Chime Classifier.ipynb
2017-06-05 19:24:24: Change detected [0]: t=MovedTo path=/Day_2/2.2.md
2017-06-05 19:24:24: Change detected [0]: t=MovedTo path=/Day_2/2.3.md
2017-06-05 19:24:24: Change detected [0]: t=MovedTo path=/Day_2/2.4.md
2017-06-05 19:24:24: Change detected [0]: t=MovedTo path=/Day_2/2.5.md
2017-06-05 19:24:24: Change detected [0]: t=MovedTo path=/Day_2/Find_and_play_applause.ipynb
2017-06-05 19:24:24: Change detected [0]: t=MovedTo path=/Day_2/Find_and_Play_NBC_Chimes.ipynb
2017-06-05 19:24:24: Change detected [0]: t=MovedTo path=/Day_2/img/img01.png
2017-06-05 19:24:24: Copy New '/Users/mclaugh/Dropbox/HILT-Audio-ML/Day_2/NBC_Chimes/NBC_Not_Chimes_sample.zip' -> '/Users/mclaugh/Desktop/sharedfolder/HILT-Audio-ML/Day_2/NBC_Chimes/NBC_Not_Chimes_sample.zip'
2017-06-05 19:24:24: Copy New '/Users/mclaugh/Dropbox/HILT-Audio-ML/Day_3/3.1.md' -> '/Users/mclaugh/Desktop/sharedfolder/HILT-Audio-ML/Day_3/3.1.md'
2017-06-05 19:24:24: Copy New '/Users/mclaugh/Dropbox/HILT-Audio-ML/Day_3/3.2.md' -> '/Users/mclaugh/Desktop/sharedfolder/HILT-Audio-ML/Day_3/3.2.md'
2017-06-05 19:24:24: Copy New '/Users/mclaugh/Dropbox/HILT-Audio-ML/Day_3/3.3.md' -> '/Users/mclaugh/Desktop/sharedfolder/HILT-Audio-ML/Day_3/3.3.md'
2017-06-05 19:24:24: Copy New '/Users/mclaugh/Dropbox/HILT-Audio-ML/Day_3/3.4.md' -> '/Users/mclaugh/Desktop/sharedfolder/HILT-Audio-ML/Day_3/3.4.md'
2017-06-05 19:24:24: Copy New '/Users/mclaugh/Dropbox/HILT-Audio-ML/Day_4/4.1.md' -> '/Users/mclaugh/Desktop/sharedfolder/HILT-Audio-ML/Day_4/4.1.md'
2017-06-05 19:24:24: Copy New '/Users/mclaugh/Dropbox/HILT-Audio-ML/Day_4/4.2/Day 4, Session 2.md' -> '/Users/mclaugh/Desktop/sharedfolder/HILT-Audio-ML/Day_4/4.2/Day 4, Session 2.md'
2017-06-05 19:24:24: Copy New '/Users/mclaugh/Dropbox/HILT-Audio-ML/Day_4/4.2.md' -> '/Users/mclaugh/Desktop/sharedfolder/HILT-Audio-ML/Day_4/4.2.md'
2017-06-05 19:24:24: Copy New '/Users/mclaugh/Dropbox/HILT-Audio-ML/Day_4/4.3/Day 4, Session 3.md' -> '/Users/mclaugh/Desktop/sharedfolder/HILT-Audio-ML/Day_4/4.3/Day 4, Session 3.md'
2017-06-05 19:24:24: Copy New '/Users/mclaugh/Dropbox/HILT-Audio-ML/Day_4/4.3.md' -> '/Users/mclaugh/Desktop/sharedfolder/HILT-Audio-ML/Day_4/4.3.md'
2017-06-05 19:24:24: Copy New '/Users/mclaugh/Dropbox/HILT-Audio-ML/Day_4/4.4/Day 4, Session 4.md' -> '/Users/mclaugh/Desktop/sharedfolder/HILT-Audio-ML/Day_4/4.4/Day 4, Session 4.md'
2017-06-05 19:24:24: Copy New '/Users/mclaugh/Dropbox/HILT-Audio-ML/Day_4/4.4.md' -> '/Users/mclaugh/Desktop/sharedfolder/HILT-Audio-ML/Day_4/4.4.md'
2017-06-05 19:24:24: Copy New '/Users/mclaugh/Dropbox/HILT-Audio-ML/index.md' -> '/Users/mclaugh/Desktop/sharedfolder/HILT-Audio-ML/index.md'
2017-06-05 19:24:24: Copy New '/Users/mclaugh/Dropbox/HILT-Audio-ML/README.md' -> '/Users/mclaugh/Desktop/sharedfolder/HILT-Audio-ML/README.md'
2017-06-05 19:24:24: Copy New '/Users/mclaugh/Dropbox/HILT-Audio-ML/Slides/Day_1.pptx' -> '/Users/mclaugh/Desktop/sharedfolder/HILT-Audio-ML/Slides/Day_1.pptx'
2017-06-05 19:24:25: Copy New '/Users/mclaugh/Dropbox/HILT-Audio-ML/Slides/Day_2_ML.pptx' -> '/Users/mclaugh/Desktop/sharedfolder/HILT-Audio-ML/Slides/Day_2_ML.pptx'
2017-06-05 19:24:25: Copy New '/Users/mclaugh/Dropbox/HILT-Audio-ML/Slides/Day_3_STT.pptx' -> '/Users/mclaugh/Desktop/sharedfolder/HILT-Audio-ML/Slides/Day_3_STT.pptx'
2017-06-05 19:24:25: Copy New '/Users/mclaugh/Dropbox/HILT-Audio-ML/Slides/Day_4.pptx' -> '/Users/mclaugh/Desktop/sharedfolder/HILT-Audio-ML/Slides/Day_4.pptx'
2017-06-05 19:24:25: Save State File /Users/mclaugh/Desktop/sharedfolder/HILT-Audio-ML/_gsdata_/_file_state_v4._gs
2017-06-05 19:24:25: Change detected [0]: t=MovedTo path=/Day_2/img/img02.png
2017-06-05 19:24:25: Change detected [0]: t=MovedTo path=/Day_2/img/img03.png
2017-06-05 19:24:25: Change detected [0]: t=MovedTo path=/Day_2/img/img04.png
2017-06-05 19:24:25: Change detected [0]: t=MovedTo path=/Day_2/img/img05.png
2017-06-05 19:24:25: Change detected [0]: t=MovedTo path=/Day_2/img/img06.png
2017-06-05 19:24:25: Change detected [0]: t=MovedTo path=/Day_2/img_presentation/svm1_Grus-2015_p197.png
2017-06-05 19:24:25: Change detected [0]: t=MovedTo path=/Day_2/img_presentation/svm2_Grus-2015_p198.png
2017-06-05 19:24:25: Change detected [0]: t=MovedTo path=/Day_2/img_presentation/xkcd_here_to_help.png
2017-06-05 19:24:25: Change detected [0]: t=MovedTo path=/Day_2/NBC_Chimes/01 Tag and Extract Chimes.md
2017-06-05 19:24:25: Change detected [0]: t=MovedTo path=/Day_2/NBC_Chimes/NBC_Chimes_sample.zip
2017-06-05 19:24:25: Change detected [0]: t=MovedTo path=/Day_2/NBC_Chimes/NBC_Not_Chimes_sample.zip
2017-06-05 19:24:25: Change detected [0]: t=MovedTo path=/Day_3/3.1.md
2017-06-05 19:24:25: Change detected [0]: t=MovedTo path=/Day_3/3.2.md
2017-06-05 19:24:25: Change detected [0]: t=MovedTo path=/Day_3/3.3.md
2017-06-05 19:24:25: Change detected [0]: t=MovedTo path=/Day_3/3.4.md
2017-06-05 19:24:25: Change detected [0]: t=MovedTo path=/Day_4/4.1.md
2017-06-05 19:24:25: Change detected [0]: t=MovedTo path=/Day_4/4.2/Day 4, Session 2.md
2017-06-05 19:24:25: Change detected [0]: t=MovedTo path=/Day_4/4.2.md
2017-06-05 19:24:25: Change detected [0]: t=MovedTo path=/Day_4/4.3/Day 4, Session 3.md
2017-06-05 19:24:25: Change detected [0]: t=MovedTo path=/Day_4/4.3.md
2017-06-05 19:24:25: Change detected [0]: t=MovedTo path=/Day_4/4.4/Day 4, Session 4.md
2017-06-05 19:24:25: Change detected [0]: t=MovedTo path=/Day_4/4.4.md
2017-06-05 19:24:25: Change detected [0]: t=MovedTo path=/index.md
2017-06-05 19:24:25: Change detected [0]: t=MovedTo path=/README.md
2017-06-05 19:24:25: Change detected [0]: t=MovedTo path=/Slides/Day_1.pptx
2017-06-05 19:24:25: Change detected [0]: t=MovedTo path=/Slides/Day_2_ML.pptx
2017-06-05 19:24:25: Change detected [0]: t=MovedTo path=/Slides/Day_3_STT.pptx
2017-06-05 19:24:25: Change detected [0]: t=MovedTo path=/Slides/Day_4.pptx
2017-06-05 19:24:26: Save State File /Users/mclaugh/Dropbox/HILT-Audio-ML/_gsdata_/_file_state_v4._gs
2017-06-05 19:24:26: Cleanup recycled files in /Users/mclaugh/Desktop/sharedfolder/HILT-Audio-ML/_gsdata_/_saved_
2017-06-05 19:24:26: Cleanup old logs in /Users/mclaugh/Desktop/sharedfolder/HILT-Audio-ML/_gsdata_
2017-06-05 19:24:26: == Sync Complete. Time: 00:00:08, Speed: 17.1 MB/s, OK: 288, Errors: 0
2017-06-05 19:24:26: Unlocking folder /Users/mclaugh/Desktop/sharedfolder/HILT-Audio-ML/_gsdata_/lock.gsl
2017-06-05 19:24:26: Unlocking folder /Users/mclaugh/Dropbox/HILT-Audio-ML/_gsdata_/lock.gsl
2017-06-05 19:24:26: 
